[backblue.gif]
[fade.gif]
[index.html]
[laravel.com/favicon.png]
[laravel.com/assets/img/laravel-logo-white.png]
[cdn.carbonads.com/carbon83bb.js]
[laravel.com/docs/5.html]
[laravel.com/assets/js/laravel91b2.js]
[laravel.com/assets/js/viewport-units-buggyfill.js]
[laravel.com/docs/5.8/installation.html]
[laravel.com/assets/img/cloud-bar.png]
[laravel.com/assets/img/forge-flames.jpg]
[laravel.com/assets/img/laracon-bg.jpg]
[laravel.com/assets/img/laravel-tucked.png]
[laravel.com/assets/img/partner-img-vehikl-color.png]
[laravel.com/assets/img/partner-img-tighten-color.png]
[laravel.com/assets/img/partner-img-kirschbaum-color.png]
[laravel.com/assets/img/partner-img-byte5-color.png]
[laravel.com/assets/img/partner-img-64robot-color.png]
[laravel.com/assets/img/partner-img-cubet-color.png]
[laravel.com/assets/img/partner-img-devsquad-color.png]
[laravel.com/assets/img/partner-img-ideil-color.png]
[laravel.com/assets/css/laraveldf84.css]
[laravel.com/assets/img/partner-img-cyberduck-color.jpg]
[laravel.com/assets/img/partner-img-insider.png]
[cdnjs.cloudflare.com/ajax/libs/flexboxgrid/6.3.1/flexboxgrid.min.css]
[laravel.com/fonts/632887/FFE2ABC2B78114E8E.css]
[laravel.com/docs/master.html]
[laravel.com/docs/5-2.html]
[laravel.com/docs/5-3.html]
[laravel.com/docs/5-4.html]
[laravel.com/docs/5-5.html]
[laravel.com/docs/5.3/elixir.html]
[laravel.com/docs/5.3/authentication.html]
[laravel.com/docs/5.3/authorization.html]
[laravel.com/docs/5.3/passwords.html]
[laravel.com/docs/5.3/passport.html]
[laravel.com/docs/5.3/encryption.html]
[laravel.com/docs/5.3/hashing.html]
[laravel.com/docs/5.3/broadcasting.html]
[laravel.com/docs/5.3/cache.html]
[laravel.com/docs/5.3/errors.html]
[laravel.com/docs/5.3/events.html]
[laravel.com/docs/5.3/filesystem.html]
[laravel.com/docs/5.3/mail.html]
[laravel.com/docs/5.3/notifications.html]
[laravel.com/docs/5.3/queues.html]
[laravel.com/docs/5.3/database.html]
[laravel.com/docs/5.3/queries.html]
[laravel.com/docs/5.3/pagination.html]
[laravel.com/docs/5.3/migrations.html]
[laravel.com/docs/5.3/seeding.html]
[laravel.com/docs/5.3/redis.html]
[laravel.com/docs/5.3/eloquent.html]
[laravel.com/docs/5.3/eloquent-relationships.html]
[laravel.com/docs/5.3/eloquent-collections.html]
[laravel.com/docs/5.3/eloquent-mutators.html]
[laravel.com/docs/5.3/eloquent-serialization.html]
[laravel.com/docs/5.3/artisan.html]
[laravel.com/docs/5.3/scheduling.html]
[laravel.com/docs/5.3/testing.html]
[laravel.com/docs/5.3/application-testing.html]
[laravel.com/docs/5.3/database-testing.html]
[laravel.com/docs/5.3/mocking.html]
[laravel.com/docs/5.3/billing.html]
[laravel.com/docs/5.3/envoy.html]
[laravel.com/docs/5.3/scout.html]
[laravel.com/docs/5.3/collections.html]
[laravel.com/docs/5.3/helpers.html]
[laravel.com/docs/5-6.html]
[laravel.com/docs/5.3/packages.html]
[laravel.com/docs/5.2/releases.html]
[laravel.com/docs/5.2/upgrade.html]
[laravel.com/docs/5.2/contributions.html]
[laravel.com/docs/5.2/configuration.html]
[laravel.com/docs/5.2/homestead.html]
[laravel.com/docs/5.2/valet.html]
[laravel.com/docs/5.2/quickstart.html]
[laravel.com/docs/5.2/quickstart-intermediate.html]
[laravel.com/docs/5.2/routing.html]
[laravel.com/docs/5.2/middleware.html]
[laravel.com/docs/5.2/controllers.html]
[laravel.com/docs/5.2/requests.html]
[laravel.com/docs/5.2/responses.html]
[laravel.com/docs/5.2/views.html]
[laravel.com/docs/5.2/blade.html]
[laravel.com/docs/5.2/lifecycle.html]
[laravel.com/docs/5.2/structure.html]
[laravel.com/docs/5.2/providers.html]
[laravel.com/docs/5.2/container.html]
[laravel.com/docs/5.2/contracts.html]
[laravel.com/docs/5.2/facades.html]
[laravel.com/docs/5.2/authentication.html]
[laravel.com/docs/5.2/authorization.html]
[laravel.com/docs/5.2/artisan.html]
[laravel.com/docs/5.2/billing.html]
[laravel.com/docs/5.2/cache.html]
[laravel.com/docs/5.2/collections.html]
[laravel.com/docs/5.2/elixir.html]
[laravel.com/docs/5.2/encryption.html]
[laravel.com/docs/5.2/errors.html]
[laravel.com/docs/5.2/events.html]
[laravel.com/docs/5.2/filesystem.html]
[laravel.com/docs/5.2/hashing.html]
[laravel.com/docs/5.2/helpers.html]
[laravel.com/docs/5.2/localization.html]
[laravel.com/docs/5.2/mail.html]
[laravel.com/docs/5.2/packages.html]
[laravel.com/docs/5.2/pagination.html]
[laravel.com/docs/5.2/queues.html]
[laravel.com/docs/5.2/redis.html]
[laravel.com/docs/5.2/session.html]
[laravel.com/docs/5.2/envoy.html]
[laravel.com/docs/5.2/scheduling.html]
[laravel.com/docs/5.2/testing.html]
[laravel.com/docs/5.2/validation.html]
[laravel.com/docs/5.2/database.html]
[laravel.com/docs/5.2/queries.html]
[laravel.com/docs/5.2/migrations.html]
[laravel.com/docs/5.2/seeding.html]
[laravel.com/docs/5.2/eloquent.html]
[laravel.com/docs/5.2/eloquent-relationships.html]
[laravel.com/docs/5.2/eloquent-collections.html]
[laravel.com/docs/5.2/eloquent-mutators.html]
[laravel.com/docs/5-7.html]
[laravel.com/docs/5.2/eloquent-serialization.html]
[laravel.com/docs/5.1/releases.html]
[laravel.com/docs/5.1/upgrade.html]
[laravel.com/docs/5.1/contributions.html]
[laravel.com/docs/5.1/homestead.html]
[laravel.com/docs/5.1/quickstart.html]
[laravel.com/docs/5.1/quickstart-intermediate.html]
[laravel.com/docs/5.1/routing.html]
[laravel.com/docs/5.1/middleware.html]
[laravel.com/docs/5.1/controllers.html]
[laravel.com/docs/5.1/requests.html]
[laravel.com/docs/5.1/responses.html]
[laravel.com/docs/5.1/views.html]
[laravel.com/docs/5.1/blade.html]
[laravel.com/docs/5.1/lifecycle.html]
[laravel.com/docs/5.1/structure.html]
[laravel.com/docs/5.1/providers.html]
[laravel.com/docs/5.1/container.html]
[laravel.com/docs/5.1/contracts.html]
[laravel.com/docs/5.1/facades.html]
[laravel.com/docs/5.1/authentication.html]
[laravel.com/docs/5.1/authorization.html]
[laravel.com/docs/5.1/artisan.html]
[laravel.com/docs/5.1/billing.html]
[laravel.com/docs/5.1/cache.html]
[laravel.com/docs/5.1/collections.html]
[laravel.com/docs/5.1/elixir.html]
[laravel.com/docs/5.1/encryption.html]
[laravel.com/docs/5.1/errors.html]
[laravel.com/docs/5.1/events.html]
[laravel.com/docs/5.1/filesystem.html]
[laravel.com/docs/5.1/hashing.html]
[laravel.com/docs/5.1/helpers.html]
[laravel.com/docs/5.1/localization.html]
[laravel.com/docs/5.1/mail.html]
[laravel.com/docs/5.1/packages.html]
[laravel.com/docs/5.1/pagination.html]
[laravel.com/docs/5.1/queues.html]
[laravel.com/docs/5.1/redis.html]
[laravel.com/docs/5.1/session.html]
[laravel.com/docs/5.1/envoy.html]
[laravel.com/docs/5.1/scheduling.html]
[laravel.com/docs/5.1/testing.html]
[laravel.com/docs/5.1/validation.html]
[laravel.com/docs/5.1/database.html]
[laravel.com/docs/5.1/queries.html]
[laravel.com/docs/5.1/migrations.html]
[laravel.com/docs/5.1/seeding.html]
[laravel.com/docs/5.1/eloquent.html]
[laravel.com/docs/5.1/eloquent-relationships.html]
[laravel.com/docs/5.1/eloquent-collections.html]
[laravel.com/docs/5.1/eloquent-mutators.html]
[laravel.com/docs/5-8.html]
[laravel.com/docs/5.1/eloquent-serialization.html]
[laravel.com/docs/5.0/releases.html]
[laravel.com/docs/5.0/upgrade.html]
[laravel.com/docs/5.0/contributions.html]
[laravel.com/docs/5.0/configuration.html]
[laravel.com/docs/5.0/homestead.html]
[laravel.com/docs/5.0/routing.html]
[laravel.com/docs/5.0/middleware.html]
[laravel.com/docs/5.0/controllers.html]
[laravel.com/docs/5.0/requests.html]
[laravel.com/docs/5.0/responses.html]
[laravel.com/docs/5.0/views.html]
[laravel.com/docs/5.0/providers.html]
[laravel.com/docs/5.0/container.html]
[laravel.com/docs/5.0/contracts.html]
[laravel.com/docs/5.0/facades.html]
[laravel.com/docs/5.0/lifecycle.html]
[laravel.com/docs/5.0/structure.html]
[laravel.com/docs/5.0/authentication.html]
[laravel.com/docs/5.0/billing.html]
[laravel.com/docs/5.0/cache.html]
[laravel.com/docs/5.0/collections.html]
[laravel.com/docs/5.0/bus.html]
[laravel.com/docs/5.0/extending.html]
[laravel.com/docs/5.0/elixir.html]
[laravel.com/docs/5.0/encryption.html]
[laravel.com/docs/5.0/envoy.html]
[laravel.com/docs/5.0/errors.html]
[laravel.com/docs/5.0/events.html]
[laravel.com/docs/5.0/filesystem.html]
[laravel.com/docs/5.0/hashing.html]
[laravel.com/docs/5.0/helpers.html]
[laravel.com/docs/5.0/localization.html]
[laravel.com/docs/5.0/mail.html]
[laravel.com/docs/5.0/packages.html]
[laravel.com/docs/5.0/pagination.html]
[laravel.com/docs/5.0/queues.html]
[laravel.com/docs/5.0/session.html]
[laravel.com/docs/5.0/templates.html]
[laravel.com/docs/5.0/testing.html]
[laravel.com/docs/5.0/validation.html]
[laravel.com/docs/5.0/database.html]
[laravel.com/docs/5.0/queries.html]
[laravel.com/docs/5.0/eloquent.html]
[laravel.com/docs/5.0/schema.html]
[laravel.com/docs/5.0/migrations.html]
[laravel.com/docs/5.0/redis.html]
[laravel.com/docs/5.0/artisan.html]
[laravel.com/docs/5-9.html]
[laravel.com/docs/5.0/commands.html]
[laravel.com/docs/4.2/introduction.html]
[laravel.com/docs/4.2/quick.html]
[laravel.com/docs/4.2/releases.html]
[laravel.com/docs/4.2/upgrade.html]
[laravel.com/docs/4.2/contributions.html]
[laravel.com/docs/4.2/configuration.html]
[laravel.com/docs/4.2/homestead.html]
[laravel.com/docs/4.2/lifecycle.html]
[laravel.com/docs/4.2/routing.html]
[laravel.com/docs/4.2/requests.html]
[laravel.com/docs/4.2/responses.html]
[laravel.com/docs/4.2/controllers.html]
[laravel.com/docs/4.2/errors.html]
[laravel.com/docs/4.2/security.html]
[laravel.com/docs/4.2/billing.html]
[laravel.com/docs/4.2/cache.html]
[laravel.com/docs/4.2/extending.html]
[laravel.com/docs/4.2/events.html]
[laravel.com/docs/4.2/facades.html]
[laravel.com/docs/4.2/html.html]
[laravel.com/docs/4.2/helpers.html]
[laravel.com/docs/4.2/ioc.html]
[laravel.com/docs/4.2/localization.html]
[laravel.com/docs/4.2/mail.html]
[laravel.com/docs/4.2/packages.html]
[laravel.com/docs/4.2/pagination.html]
[laravel.com/docs/4.2/queues.html]
[laravel.com/docs/4.2/session.html]
[laravel.com/docs/4.2/ssh.html]
[laravel.com/docs/4.2/templates.html]
[laravel.com/docs/4.2/testing.html]
[laravel.com/docs/4.2/validation.html]
[laravel.com/docs/4.2/database.html]
[laravel.com/docs/4.2/queries.html]
[laravel.com/docs/4.2/eloquent.html]
[laravel.com/docs/4.2/schema.html]
[laravel.com/docs/4.2/migrations.html]
[laravel.com/docs/4.2/redis.html]
[laravel.com/docs/4.2/artisan.html]
[laravel.com/docs/4.html]
[laravel.com/docs/4.2/commands.html]
[laravel.com/docs/5.8/releases.html]
[laravel.com/docs/5.8/upgrade.html]
[laravel.com/docs/5.8/contributions.html]
[laravel.com/cdn-cgi/scripts/5c5dd728/cloudflare-static/email-decode.min.js]
[laravel.com/docs/5.1/configuration]
[laravel.com/docs/5.8/configuration.html]
[laravel.com/docs/4.2/structure]
[laravel.com/docs/5.8/structure.html]
[laravel.com/docs/5.8/homestead.html]
[laravel.com/docs/5.1/valet]
[laravel.com/docs/5.0/valet]
[laravel.com/docs/4.2/valet]
[laravel.com/docs/5.8/valet.html]
[laravel.com/docs/5.4/deployment]
[laravel.com/docs/5.3/deployment]
[laravel.com/docs/5.2/deployment]
[laravel.com/docs/5.1/deployment]
[laravel.com/docs/5.0/deployment]
[laravel.com/docs/4.2/deployment]
[laravel.com/docs/5.8/deployment.html]
[laravel.com/docs/5.8/lifecycle.html]
[laravel.com/docs/4.2/container]
[laravel.com/docs/5.8/container.html]
[laravel.com/docs/4.2/providers]
[laravel.com/docs/5.8/providers.html]
[laravel.com/docs/5.8/facades.html]
[laravel.com/docs/4.2/contracts]
[laravel.com/docs/5.8/contracts.html]
[laravel.com/docs/5.8/routing.html]
[laravel.com/docs/4.2/middleware]
[laravel.com/docs/5.8/middleware.html]
[laravel.com/docs/5.2/csrf]
[laravel.com/docs/5.1/csrf]
[laravel.com/docs/5.0/csrf]
[laravel.com/docs/4.2/csrf]
[laravel.com/docs/5.8/csrf.html]
[laravel.com/docs/5.8/controllers.html]
[laravel.com/docs/5.8/requests.html]
[laravel.com/docs/5.8/responses.html]
[laravel.com/docs/4.2/views]
[laravel.com/docs/5.8/views.html]
[laravel.com/docs/5.4/urls]
[laravel.com/docs/5.3/urls]
[laravel.com/docs/5.2/urls]
[laravel.com/docs/5.1/urls]
[laravel.com/docs/5.0/urls]
[laravel.com/docs/4.2/urls]
[laravel.com/docs/5.8/urls.html]
[laravel.com/docs/5.8/session.html]
[laravel.com/docs/5.8/validation.html]
[laravel.com/docs/5.8/errors.html]
[laravel.com/docs/5.5/logging]
[laravel.com/docs/5.4/logging]
[laravel.com/docs/5.3/logging]
[laravel.com/docs/5.2/logging]
[laravel.com/docs/5.1/logging]
[laravel.com/docs/5.0/logging]
[laravel.com/docs/4.2/logging]
[laravel.com/docs/5.8/logging.html]
[laravel.com/docs/5.0/blade]
[laravel.com/docs/4.2/blade]
[laravel.com/docs/5.8/blade.html]
[laravel.com/docs/5.8/localization.html]
[laravel.com/docs/5.2/frontend]
[laravel.com/docs/5.1/frontend]
[laravel.com/docs/5.0/frontend]
[laravel.com/docs/4.2/frontend]
[laravel.com/docs/5.8/frontend.html]
[laravel.com/docs/5.3/mix]
[laravel.com/docs/5.2/mix]
[laravel.com/docs/5.1/mix]
[laravel.com/docs/5.0/mix]
[laravel.com/docs/4.2/mix]
[laravel.com/docs/5.8/mix.html]
[laravel.com/docs/4.2/authentication]
[laravel.com/docs/5.8/authentication.html]
[laravel.com/docs/5.7/api-authentication]
[laravel.com/docs/5.6/api-authentication]
[laravel.com/docs/5.5/api-authentication]
[laravel.com/docs/5.4/api-authentication]
[laravel.com/docs/5.3/api-authentication]
[laravel.com/docs/5.2/api-authentication]
[laravel.com/docs/5.1/api-authentication]
[laravel.com/docs/5.0/api-authentication]
[laravel.com/docs/4.2/api-authentication]
[laravel.com/docs/5.8/api-authentication.html]
[laravel.com/docs/5.0/authorization]
[laravel.com/docs/4.2/authorization]
[laravel.com/docs/5.8/authorization.html]
[laravel.com/docs/5.6/verification]
[laravel.com/docs/5.5/verification]
[laravel.com/docs/5.4/verification]
[laravel.com/docs/5.3/verification]
[laravel.com/docs/5.2/verification]
[laravel.com/docs/5.1/verification]
[laravel.com/docs/5.0/verification]
[laravel.com/docs/4.2/verification]
[laravel.com/docs/5.8/verification.html]
[laravel.com/docs/4.2/encryption]
[laravel.com/docs/5.8/encryption.html]
[laravel.com/docs/4.2/hashing]
[laravel.com/docs/5.8/hashing.html]
[laravel.com/docs/5.2/passwords]
[laravel.com/docs/5.1/passwords]
[laravel.com/docs/5.0/passwords]
[laravel.com/docs/4.2/passwords]
[laravel.com/docs/5.8/passwords.html]
[laravel.com/docs/5.8/artisan.html]
[laravel.com/docs/5.2/broadcasting]
[laravel.com/docs/5.1/broadcasting]
[laravel.com/docs/5.0/broadcasting]
[laravel.com/docs/4.2/broadcasting]
[laravel.com/docs/5.8/broadcasting.html]
[laravel.com/docs/5.8/cache.html]
[laravel.com/docs/4.2/collections]
[laravel.com/docs/5.8/collections.html]
[laravel.com/docs/5.8/events.html]
[laravel.com/docs/4.2/filesystem]
[laravel.com/docs/5.8/filesystem.html]
[laravel.com/docs/5.8/helpers.html]
[laravel.com/docs/5.8/mail.html]
[laravel.com/docs/5.2/notifications]
[laravel.com/docs/5.1/notifications]
[laravel.com/docs/5.0/notifications]
[laravel.com/docs/4.2/notifications]
[laravel.com/assets/img/notification-example.png]
[laravel.com/assets/img/basic-slack-notification.png]
[laravel.com/assets/img/basic-slack-attachment.png]
[laravel.com/assets/img/slack-fields-attachment.png]
[laravel.com/docs/5.8/notifications.html]
[laravel.com/docs/5.8/packages.html]
[laravel.com/docs/5.8/queues.html]
[laravel.com/docs/5.0/scheduling]
[laravel.com/docs/4.2/scheduling]
[laravel.com/docs/5.8/scheduling.html]
[laravel.com/docs/5.8/database.html]
[laravel.com/docs/5.8/queries.html]
[laravel.com/docs/5.8/pagination.html]
[laravel.com/docs/5.8/migrations.html]
[laravel.com/docs/5.0/seeding]
[laravel.com/docs/4.2/seeding]
[laravel.com/docs/5.8/seeding.html]
[laravel.com/docs/5.8/redis.html]
[laravel.com/docs/5.8/eloquent.html]
[laravel.com/docs/5.0/eloquent-relationships]
[laravel.com/docs/4.2/eloquent-relationships]
[laravel.com/docs/5.8/eloquent-relationships.html]
[laravel.com/docs/5.0/eloquent-collections]
[laravel.com/docs/4.2/eloquent-collections]
[laravel.com/docs/5.8/eloquent-collections.html]
[laravel.com/docs/5.0/eloquent-mutators]
[laravel.com/docs/4.2/eloquent-mutators]
[laravel.com/docs/5.8/eloquent-mutators.html]
[laravel.com/docs/5.4/eloquent-resources]
[laravel.com/docs/5.3/eloquent-resources]
[laravel.com/docs/5.2/eloquent-resources]
[laravel.com/docs/5.1/eloquent-resources]
[laravel.com/docs/5.0/eloquent-resources]
[laravel.com/docs/4.2/eloquent-resources]
[laravel.com/docs/5.8/eloquent-resources.html]
[laravel.com/docs/5.0/eloquent-serialization]
[laravel.com/docs/4.2/eloquent-serialization]
[laravel.com/docs/5.8/eloquent-serialization.html]
[laravel.com/docs/5.8/testing.html]
[laravel.com/docs/5.3/http-tests]
[laravel.com/docs/5.2/http-tests]
[laravel.com/docs/5.1/http-tests]
[laravel.com/docs/5.0/http-tests]
[laravel.com/docs/4.2/http-tests]
[laravel.com/docs/5.8/http-tests.html]
[laravel.com/docs/5.6/console-tests]
[laravel.com/docs/5.5/console-tests]
[laravel.com/docs/5.4/console-tests]
[laravel.com/docs/5.3/console-tests]
[laravel.com/docs/5.2/console-tests]
[laravel.com/docs/5.1/console-tests]
[laravel.com/docs/5.0/console-tests]
[laravel.com/docs/4.2/console-tests]
[laravel.com/docs/5.8/console-tests.html]
[laravel.com/docs/5.3/dusk]
[laravel.com/docs/5.2/dusk]
[laravel.com/docs/5.1/dusk]
[laravel.com/docs/5.0/dusk]
[laravel.com/docs/4.2/dusk]
[laravel.com/docs/5.8/dusk.html]
[laravel.com/docs/5.2/database-testing]
[laravel.com/docs/5.1/database-testing]
[laravel.com/docs/5.0/database-testing]
[laravel.com/docs/4.2/database-testing]
[laravel.com/docs/5.8/database-testing.html]
[laravel.com/docs/5.2/mocking]
[laravel.com/docs/5.1/mocking]
[laravel.com/docs/5.0/mocking]
[laravel.com/docs/4.2/mocking]
[laravel.com/docs/5.8/mocking.html]
[laravel.com/docs/5.8/billing.html]
[laravel.com/docs/5.8/braintree.html]
[laravel.com/docs/4.2/envoy.351.delayed]
[laravel.com/docs/5.8/envoy.html]
[laravel.com/docs/5.4/horizon]
[laravel.com/docs/5.3/horizon]
[laravel.com/docs/5.2/horizon]
[laravel.com/docs/5.1/horizon]
[laravel.com/docs/5.0/horizon]
[laravel.com/docs/4.2/horizon]
[res.cloudinary.com/dtfbvvkyp/image/upload/v1537195039/photos/Test.png]
[laravel.com/docs/5.8/horizon.html]
[laravel.com/docs/5.2/passport]
[laravel.com/docs/5.1/passport]
[laravel.com/docs/5.0/passport]
[laravel.com/docs/4.2/passport]
[laravel.com/docs/5.8/passport.html]
[laravel.com/docs/5.2/scout]
[laravel.com/docs/5.1/scout]
[laravel.com/docs/5.0/scout]
[laravel.com/docs/4.2/scout]
[laravel.com/docs/5.8/scout.html]
[laravel.com/docs/5.3/socialite]
[laravel.com/docs/5.2/socialite]
[laravel.com/docs/5.1/socialite]
[laravel.com/docs/5.0/socialite]
[laravel.com/docs/4.2/socialite]
[laravel.com/docs/5.8/socialite.html]
[laravel.com/docs/5.6/telescope]
[laravel.com/docs/5.5/telescope]
[laravel.com/docs/5.4/telescope]
[laravel.com/docs/5.3/telescope]
[laravel.com/docs/5.2/telescope]
[laravel.com/docs/5.1/telescope]
[laravel.com/docs/5.0/telescope]
[laravel.com/docs/4.2/telescope]
[res.cloudinary.com/dtfbvvkyp/image/upload/v1539110860/Screen_Shot_2018-10-09_at_1.47.23_PM.png]
[laravel.com/docs/5.8/telescope.html]
[laravel.com/docs/master/installation.html]
[laravel.com/docs/5.7/installation.html]
[laravel.com/docs/5.6/installation.html]
[laravel.com/docs/5.5/installation.html]
[laravel.com/docs/5.4/installation.html]
[laravel.com/docs/5.3/installation.html]
[laravel.com/docs/5.2/installation.html]
[laravel.com/docs/5.1/installation.html]
[laravel.com/docs/5.0/installation.html]
[laravel.com/docs/4.2/installation.html]
[laravel.com/docs/master/releases.html]
[laravel.com/docs/master/upgrade.html]
[laravel.com/docs/master/contributions.html]
[laravel.com/docs/master/configuration.html]
[laravel.com/docs/master/structure.html]
[laravel.com/docs/master/homestead.html]
[laravel.com/docs/master/valet.html]
[laravel.com/docs/master/deployment.html]
[laravel.com/docs/master/lifecycle.html]
[laravel.com/docs/master/container.html]
[laravel.com/docs/master/providers.html]
[laravel.com/docs/master/facades.html]
[laravel.com/docs/master/contracts.html]
[laravel.com/docs/master/routing.html]
[laravel.com/docs/master/middleware.html]
[laravel.com/docs/master/csrf.html]
[laravel.com/docs/master/controllers.html]
[laravel.com/docs/master/requests.html]
[laravel.com/docs/master/responses.html]
[laravel.com/docs/master/views.html]
[laravel.com/docs/master/urls.html]
[laravel.com/docs/master/session.html]
[laravel.com/docs/master/validation.html]
[laravel.com/docs/master/errors.html]
[laravel.com/docs/master/logging.html]
[laravel.com/docs/master/blade.html]
[laravel.com/docs/master/localization.html]
[laravel.com/docs/master/frontend.html]
[laravel.com/docs/master/mix.html]
[laravel.com/docs/master/authentication.html]
[laravel.com/docs/master/api-authentication.html]
[laravel.com/docs/master/authorization.html]
[laravel.com/docs/master/verification.html]
[laravel.com/docs/master/encryption.html]
[laravel.com/docs/master/hashing.html]
[laravel.com/docs/master/passwords.html]
[laravel.com/docs/master/artisan.html]
[laravel.com/docs/master/broadcasting.html]
[laravel.com/docs/master/cache.html]
[laravel.com/docs/master/collections.html]
[laravel.com/docs/master/events.html]
[laravel.com/docs/master/filesystem.html]
[laravel.com/docs/master/helpers.html]
[laravel.com/docs/master/mail.html]
[laravel.com/docs/master/notifications.html]
[laravel.com/docs/master/packages.html]
[laravel.com/docs/master/queues.html]
[laravel.com/docs/master/scheduling.html]
[laravel.com/docs/master/database.html]
[laravel.com/docs/master/queries.html]
[laravel.com/docs/master/pagination.html]
[laravel.com/docs/master/migrations.html]
[laravel.com/docs/master/seeding.html]
[laravel.com/docs/master/redis.html]
[laravel.com/docs/master/eloquent.html]
[laravel.com/docs/master/eloquent-relationships.html]
[laravel.com/docs/master/eloquent-collections.html]
[laravel.com/docs/master/eloquent-mutators.html]
[laravel.com/docs/master/eloquent-resources.html]
[laravel.com/docs/master/eloquent-serialization.html]
[laravel.com/docs/master/testing.html]
[laravel.com/docs/master/http-tests.html]
[laravel.com/docs/master/console-tests.html]
[laravel.com/docs/master/dusk.html]
[laravel.com/docs/master/database-testing.html]
[laravel.com/docs/master/mocking.html]
[laravel.com/docs/master/billing.html]
[laravel.com/docs/master/envoy.html]
[laravel.com/docs/master/horizon.html]
[laravel.com/docs/master/passport.html]
[laravel.com/docs/master/scout.html]
[laravel.com/docs/master/socialite.html]
[laravel.com/docs/master/telescope.html]
[laravel.com/docs/5.7/releases.html]
[laravel.com/docs/5.7/upgrade.html]
[laravel.com/docs/5.7/contributions.html]
[laravel.com/docs/5.7/configuration.html]
[laravel.com/docs/5.7/structure.html]
[laravel.com/docs/5.7/homestead.html]
[laravel.com/docs/5.7/valet.html]
[laravel.com/docs/5.7/deployment.html]
[laravel.com/docs/5.7/lifecycle.html]
[laravel.com/docs/5.7/container.html]
[laravel.com/docs/5.7/providers.html]
[laravel.com/docs/5.7/facades.html]
[laravel.com/docs/5.7/contracts.html]
[laravel.com/docs/5.7/routing.html]
[laravel.com/docs/5.7/middleware.html]
[laravel.com/docs/5.7/csrf.html]
[laravel.com/docs/5.7/controllers.html]
[laravel.com/docs/5.7/requests.html]
[laravel.com/docs/5.7/responses.html]
[laravel.com/docs/5.7/views.html]
[laravel.com/docs/5.7/urls.html]
[laravel.com/docs/5.7/session.html]
[laravel.com/docs/5.7/validation.html]
[laravel.com/docs/5.7/errors.html]
[laravel.com/docs/5.7/logging.html]
[laravel.com/docs/5.7/blade.html]
[laravel.com/docs/5.7/localization.html]
[laravel.com/docs/5.7/frontend.html]
[laravel.com/docs/5.7/mix.html]
[laravel.com/docs/5.7/authentication.html]
[laravel.com/docs/5.7/passport.html]
[laravel.com/docs/5.7/authorization.html]
[laravel.com/docs/5.7/verification.html]
[laravel.com/docs/5.7/encryption.html]
[laravel.com/docs/5.7/hashing.html]
[laravel.com/docs/5.7/passwords.html]
[laravel.com/docs/5.7/artisan.html]
[laravel.com/docs/5.7/broadcasting.html]
[laravel.com/docs/5.7/cache.html]
[laravel.com/docs/5.7/collections.html]
[laravel.com/docs/5.7/events.html]
[laravel.com/docs/5.7/filesystem.html]
[laravel.com/docs/master/braintree.html]
[laravel.com/docs/5.7/helpers.html]
[laravel.com/docs/5.7/mail.html]
[laravel.com/docs/5.7/notifications.html]
[laravel.com/docs/5.7/packages.html]
[laravel.com/docs/5.7/queues.html]
[laravel.com/docs/5.7/scheduling.html]
[laravel.com/docs/5.7/database.html]
[laravel.com/docs/5.7/queries.html]
[laravel.com/docs/5.7/pagination.html]
[laravel.com/docs/5.7/migrations.html]
[laravel.com/docs/5.7/seeding.html]
[laravel.com/docs/5.7/redis.html]
[laravel.com/docs/5.7/eloquent.html]
[laravel.com/docs/5.7/eloquent-relationships.html]
[laravel.com/docs/5.7/eloquent-collections.html]
[laravel.com/docs/5.7/eloquent-mutators.html]
[laravel.com/docs/5.7/eloquent-resources.html]
[laravel.com/docs/5.7/eloquent-serialization.html]
[laravel.com/docs/5.7/testing.html]
[laravel.com/docs/5.7/http-tests.html]
[laravel.com/docs/5.7/console-tests.html]
[laravel.com/docs/5.7/dusk.html]
[laravel.com/docs/5.7/database-testing.html]
[laravel.com/docs/5.7/mocking.html]
[laravel.com/docs/5.7/billing.html]
[laravel.com/docs/5.7/envoy.html]
[laravel.com/docs/5.7/horizon.html]
[laravel.com/docs/5.7/scout.html]
[laravel.com/docs/5.7/socialite.html]
[laravel.com/docs/5.7/telescope.html]
[raw.githubusercontent.com/nunomaduro/collision/stable/docs/example.png]
[laravel.com/docs/5.6/releases.html]
[laravel.com/docs/5.6/upgrade.html]
[laravel.com/docs/5.6/contributions.html]
[laravel.com/docs/5.6/configuration.html]
[laravel.com/docs/5.6/structure.html]
[laravel.com/docs/5.6/homestead.html]
[laravel.com/docs/5.6/valet.html]
[laravel.com/docs/5.6/deployment.html]
[laravel.com/docs/5.6/lifecycle.html]
[laravel.com/docs/5.6/container.html]
[laravel.com/docs/5.6/providers.html]
[laravel.com/docs/5.6/facades.html]
[laravel.com/docs/5.6/contracts.html]
[laravel.com/docs/5.6/routing.html]
[laravel.com/docs/5.6/middleware.html]
[laravel.com/docs/5.6/csrf.html]
[laravel.com/docs/5.6/controllers.html]
[laravel.com/docs/5.6/requests.html]
[laravel.com/docs/5.6/responses.html]
[laravel.com/docs/5.6/views.html]
[laravel.com/docs/5.6/urls.html]
[laravel.com/docs/5.6/session.html]
[laravel.com/docs/5.6/validation.html]
[laravel.com/docs/5.6/errors.html]
[laravel.com/docs/5.6/logging.html]
[laravel.com/docs/5.6/blade.html]
[laravel.com/docs/5.6/localization.html]
[laravel.com/docs/5.6/frontend.html]
[laravel.com/docs/5.6/mix.html]
[laravel.com/docs/5.6/authentication.html]
[laravel.com/docs/5.6/passport.html]
[laravel.com/docs/5.6/authorization.html]
[laravel.com/docs/5.6/encryption.html]
[laravel.com/docs/5.6/hashing.html]
[laravel.com/docs/5.6/passwords.html]
[laravel.com/docs/5.6/artisan.html]
[laravel.com/docs/5.6/broadcasting.html]
[laravel.com/docs/5.6/cache.html]
[laravel.com/docs/5.6/collections.html]
[laravel.com/docs/5.6/events.html]
[laravel.com/docs/5.6/filesystem.html]
[laravel.com/docs/5.6/helpers.html]
[laravel.com/docs/5.6/mail.html]
[laravel.com/docs/5.6/notifications.html]
[laravel.com/docs/5.6/packages.html]
[laravel.com/docs/5.6/queues.html]
[laravel.com/docs/5.6/scheduling.html]
[laravel.com/docs/5.6/database.html]
[laravel.com/docs/5.6/queries.html]
[laravel.com/docs/5.6/pagination.html]
[laravel.com/docs/5.6/migrations.html]
[laravel.com/docs/5.6/seeding.html]
[laravel.com/docs/5.6/redis.html]
[laravel.com/docs/5.6/eloquent.html]
[laravel.com/docs/5.6/eloquent-relationships.html]
[laravel.com/docs/5.6/eloquent-collections.html]
[laravel.com/docs/5.6/eloquent-mutators.html]
[laravel.com/docs/5.6/eloquent-resources.html]
[laravel.com/docs/5.6/eloquent-serialization.html]
[laravel.com/docs/5.6/testing.html]
[laravel.com/docs/5.6/http-tests.html]
[laravel.com/docs/5.6/dusk.html]
[laravel.com/docs/5.6/database-testing.html]
[laravel.com/docs/5.6/mocking.html]
[laravel.com/docs/5.6/billing.html]
[laravel.com/docs/5.6/envoy.html]
[laravel.com/docs/5.6/horizon.html]
[laravel.com/docs/5.6/scout.html]
[laravel.com/docs/5.6/socialite.html]
[laravel.com/docs/5.5/releases.html]
[laravel.com/docs/5.5/upgrade.html]
[laravel.com/docs/5.5/contributions.html]
[laravel.com/docs/5.5/configuration.html]
[laravel.com/docs/5.5/structure.html]
[laravel.com/docs/5.5/homestead.html]
[laravel.com/docs/5.5/valet.html]
[laravel.com/docs/5.5/deployment.html]
[laravel.com/docs/5.5/lifecycle.html]
[laravel.com/docs/5.5/container.html]
[laravel.com/docs/5.5/providers.html]
[laravel.com/docs/5.5/facades.html]
[laravel.com/docs/5.5/contracts.html]
[laravel.com/docs/5.5/routing.html]
[laravel.com/docs/5.5/middleware.html]
[laravel.com/docs/5.5/csrf.html]
[laravel.com/docs/5.5/controllers.html]
[laravel.com/docs/5.5/requests.html]
[laravel.com/docs/5.5/responses.html]
[laravel.com/docs/5.5/views.html]
[laravel.com/docs/5.5/urls.html]
[laravel.com/docs/5.5/session.html]
[laravel.com/docs/5.5/validation.html]
[laravel.com/docs/5.5/errors.html]
[laravel.com/docs/5.5/blade.html]
[laravel.com/docs/5.5/localization.html]
[laravel.com/docs/5.5/frontend.html]
[laravel.com/docs/5.5/mix.html]
[laravel.com/docs/5.5/authentication.html]
[laravel.com/docs/5.5/passport.html]
[laravel.com/docs/5.5/authorization.html]
[laravel.com/docs/5.5/encryption.html]
[laravel.com/docs/5.5/hashing.html]
[laravel.com/docs/5.5/passwords.html]
[laravel.com/docs/5.5/artisan.html]
[laravel.com/docs/5.5/broadcasting.html]
[laravel.com/docs/5.5/cache.html]
[laravel.com/docs/5.5/collections.html]
[laravel.com/docs/5.5/events.html]
[laravel.com/docs/5.5/filesystem.html]
[laravel.com/docs/5.5/helpers.html]
[laravel.com/docs/5.5/mail.html]
[laravel.com/docs/5.5/notifications.html]
[laravel.com/docs/5.5/packages.html]
[laravel.com/docs/5.5/queues.html]
[laravel.com/docs/5.5/scheduling.html]
[laravel.com/docs/5.5/database.html]
[laravel.com/docs/5.5/queries.html]
[laravel.com/docs/5.5/pagination.html]
[laravel.com/docs/5.5/migrations.html]
[laravel.com/docs/5.5/seeding.html]
[laravel.com/docs/5.5/redis.html]
[laravel.com/docs/5.5/eloquent.html]
[laravel.com/docs/5.5/eloquent-relationships.html]
[laravel.com/docs/5.5/eloquent-collections.html]
[laravel.com/docs/5.5/eloquent-mutators.html]
[laravel.com/docs/5.5/eloquent-resources.html]
[laravel.com/docs/5.5/eloquent-serialization.html]
[laravel.com/docs/5.5/testing.html]
[laravel.com/docs/5.5/http-tests.html]
[laravel.com/docs/5.5/dusk.html]
[laravel.com/docs/5.5/database-testing.html]
[laravel.com/docs/5.5/mocking.html]
[laravel.com/docs/5.5/billing.html]
[laravel.com/docs/5.5/envoy.html]
[laravel.com/docs/5.5/horizon.html]
[laravel.com/docs/5.5/scout.html]
[laravel.com/docs/5.5/socialite.html]
[laravel.com/assets/img/examples/markdown.png]
[laravel.com/docs/5.8/4.1]
[laravel.com/docs/5.8/ssh]
[laravel.com/docs/5.4/releases.html]
[laravel.com/docs/5.4/upgrade.html]
[laravel.com/docs/5.4/contributions.html]
[laravel.com/docs/5.4/configuration.html]
[laravel.com/docs/5.4/structure.html]
[laravel.com/docs/5.4/homestead.html]
[laravel.com/docs/5.4/valet.html]
[laravel.com/docs/5.4/lifecycle.html]
[laravel.com/docs/5.4/container.html]
[laravel.com/docs/5.4/providers.html]
[laravel.com/docs/5.4/facades.html]
[laravel.com/docs/5.4/contracts.html]
[laravel.com/docs/5.4/routing.html]
[laravel.com/docs/5.4/middleware.html]
[laravel.com/docs/5.4/csrf.html]
[laravel.com/docs/5.4/controllers.html]
[laravel.com/docs/5.4/requests.html]
[laravel.com/docs/5.4/responses.html]
[laravel.com/docs/5.4/views.html]
[laravel.com/docs/5.4/session.html]
[laravel.com/docs/5.4/validation.html]
[laravel.com/docs/5.4/errors.html]
[laravel.com/docs/5.4/blade.html]
[laravel.com/docs/5.4/localization.html]
[laravel.com/docs/5.4/frontend.html]
[laravel.com/docs/5.4/mix.html]
[laravel.com/docs/5.4/authentication.html]
[laravel.com/docs/5.4/passport.html]
[laravel.com/docs/5.4/authorization.html]
[laravel.com/docs/5.4/encryption.html]
[laravel.com/docs/5.4/hashing.html]
[laravel.com/docs/5.4/passwords.html]
[laravel.com/docs/5.4/artisan.html]
[laravel.com/docs/5.4/broadcasting.html]
[laravel.com/docs/5.4/cache.html]
[laravel.com/docs/5.4/collections.html]
[laravel.com/docs/5.4/events.html]
[laravel.com/docs/5.4/filesystem.html]
[laravel.com/docs/5.4/helpers.html]
[laravel.com/docs/5.4/mail.html]
[laravel.com/docs/5.4/notifications.html]
[laravel.com/docs/5.4/packages.html]
[laravel.com/docs/5.4/queues.html]
[laravel.com/docs/5.4/scheduling.html]
[laravel.com/docs/5.4/database.html]
[laravel.com/docs/5.4/queries.html]
[laravel.com/docs/5.4/pagination.html]
[laravel.com/docs/5.4/migrations.html]
[laravel.com/docs/5.4/seeding.html]
[laravel.com/docs/5.4/redis.html]
[laravel.com/docs/5.4/eloquent.html]
[laravel.com/docs/5.4/eloquent-relationships.html]
[laravel.com/docs/5.4/eloquent-collections.html]
[laravel.com/docs/5.4/eloquent-mutators.html]
[laravel.com/docs/5.4/eloquent-serialization.html]
[laravel.com/docs/5.4/testing.html]
[laravel.com/docs/5.4/http-tests.html]
[laravel.com/docs/5.4/dusk.html]
[laravel.com/docs/5.4/database-testing.html]
[laravel.com/docs/5.4/mocking.html]
[laravel.com/docs/5.4/billing.html]
[laravel.com/docs/5.4/envoy.html]
[laravel.com/docs/5.4/scout.html]
[laravel.com/docs/5.4/socialite.html]
[laravel.com/docs/5.3/releases.html]
[laravel.com/docs/5.3/upgrade.html]
[laravel.com/docs/5.3/contributions.html]
[laravel.com/docs/5.3/configuration.html]
[laravel.com/docs/5.3/structure.html]
[laravel.com/docs/5.3/lifecycle.html]
[laravel.com/docs/5.3/homestead.html]
[laravel.com/docs/5.3/valet.html]
[laravel.com/docs/5.3/container.html]
[laravel.com/docs/5.3/providers.html]
[laravel.com/docs/5.3/facades.html]
[laravel.com/docs/5.3/contracts.html]
[laravel.com/docs/5.3/routing.html]
[laravel.com/docs/5.3/middleware.html]
[laravel.com/docs/5.3/csrf.html]
[laravel.com/docs/5.3/controllers.html]
[laravel.com/docs/5.3/requests.html]
[laravel.com/docs/5.3/responses.html]
[laravel.com/docs/5.3/session.html]
[laravel.com/docs/5.3/validation.html]
[laravel.com/docs/5.3/views.html]
[laravel.com/docs/5.3/blade.html]
[laravel.com/docs/5.3/localization.html]
[laravel.com/docs/5.3/frontend.html]
[laravel.com/docs/master/elixir]
[laravel.com/docs/5.8/elixir]
[laravel.com/docs/5.7/elixir]
[laravel.com/docs/5.6/elixir]
[laravel.com/docs/5.5/elixir]
[laravel.com/docs/5.4/elixir]
[laravel.com/docs/4.2/elixir]
[laravel.com/docs/5.3/elixir.html]
[laravel.com/docs/5.3/authentication.html]
[laravel.com/docs/5.3/authorization.html]
[laravel.com/docs/5.3/passwords.html]
[laravel.com/docs/5.3/passport.html]
[laravel.com/docs/5.3/encryption.html]
[laravel.com/docs/5.3/hashing.html]
[laravel.com/docs/5.3/broadcasting.html]
[laravel.com/docs/5.3/cache.html]
[laravel.com/docs/5.3/errors.html]
[laravel.com/docs/5.3/events.html]
[laravel.com/docs/5.3/filesystem.html]
[laravel.com/docs/5.3/mail.html]
[laravel.com/docs/5.3/notifications.html]
[laravel.com/docs/5.3/queues.html]
[laravel.com/docs/5.3/database.html]
[laravel.com/docs/5.3/queries.html]
[laravel.com/docs/5.3/pagination.html]
[laravel.com/docs/5.3/migrations.html]
[laravel.com/docs/5.3/seeding.html]
[laravel.com/docs/5.3/redis.html]
[laravel.com/docs/5.3/eloquent.html]
[laravel.com/docs/5.3/eloquent-relationships.html]
[laravel.com/docs/5.3/eloquent-collections.html]
[laravel.com/docs/5.3/eloquent-mutators.html]
[laravel.com/docs/5.3/eloquent-serialization.html]
[laravel.com/docs/5.3/artisan.html]
[laravel.com/docs/5.3/scheduling.html]
[laravel.com/docs/5.3/testing.html]
[laravel.com/docs/master/application-testing.393.delayed]
[laravel.com/docs/5.8/application-testing]
[laravel.com/docs/5.7/application-testing]
[laravel.com/docs/5.6/application-testing]
[laravel.com/docs/5.5/application-testing]
[laravel.com/docs/5.4/application-testing]
[laravel.com/docs/5.2/application-testing]
[laravel.com/docs/5.1/application-testing]
[laravel.com/docs/5.0/application-testing]
[laravel.com/docs/4.2/application-testing]
[laravel.com/docs/5.3/application-testing.html]
[laravel.com/docs/5.3/database-testing.html]
[laravel.com/docs/5.3/mocking.html]
[laravel.com/docs/5.3/billing.html]
[laravel.com/docs/5.3/envoy.html]
[laravel.com/docs/5.3/scout.html]
[laravel.com/docs/5.3/collections.html]
[laravel.com/docs/5.3/helpers.html]
[laravel.com/docs/5.3/packages.html]
[laravel.com/docs/5.2/releases.html]
[laravel.com/docs/5.2/upgrade.html]
[laravel.com/docs/5.2/contributions.html]
[laravel.com/docs/5.2/configuration.html]
[laravel.com/docs/5.2/homestead.html]
[laravel.com/docs/5.2/valet.html]
[laravel.com/docs/master/quickstart]
[laravel.com/docs/5.8/quickstart]
[laravel.com/docs/5.7/quickstart]
[laravel.com/docs/5.6/quickstart]
[laravel.com/docs/5.5/quickstart]
[laravel.com/docs/5.4/quickstart]
[laravel.com/docs/5.3/quickstart]
[laravel.com/docs/5.0/quickstart]
[laravel.com/docs/4.2/quickstart]
[laravel.com/assets/img/quickstart/basic-overview.png]
[laravel.com/docs/5.2/quickstart.html]
[laravel.com/docs/master/quickstart-intermediate]
[laravel.com/docs/5.8/quickstart-intermediate]
[laravel.com/docs/5.7/quickstart-intermediate]
[laravel.com/docs/5.6/quickstart-intermediate]
[laravel.com/docs/5.5/quickstart-intermediate]
[laravel.com/docs/5.4/quickstart-intermediate]
[laravel.com/docs/5.3/quickstart-intermediate]
[laravel.com/docs/5.0/quickstart-intermediate]
[laravel.com/docs/4.2/quickstart-intermediate]
[laravel.com/docs/5.2/quickstart-intermediate.html]
[laravel.com/docs/5.2/routing.html]
[laravel.com/docs/5.2/middleware.html]
[laravel.com/docs/5.2/controllers.html]
[laravel.com/docs/5.2/requests.html]
[laravel.com/docs/5.2/responses.html]
[laravel.com/docs/5.2/views.html]
[laravel.com/docs/5.2/blade.html]
[laravel.com/docs/5.2/lifecycle.html]
[laravel.com/docs/5.2/structure.html]
[laravel.com/docs/5.2/providers.html]
[laravel.com/docs/5.2/container.html]
[laravel.com/docs/5.2/contracts.html]
[laravel.com/docs/5.2/facades.html]
[laravel.com/docs/5.2/authentication.html]
[laravel.com/docs/5.2/authorization.html]
[laravel.com/docs/5.2/artisan.html]
[laravel.com/docs/5.2/billing.html]
[laravel.com/docs/5.2/cache.html]
[laravel.com/docs/5.2/collections.html]
[laravel.com/docs/5.2/elixir.html]
[laravel.com/docs/5.2/encryption.html]
[laravel.com/docs/5.2/errors.html]
[laravel.com/docs/5.2/events.html]
[laravel.com/docs/5.2/filesystem.html]
[laravel.com/docs/5.2/hashing.html]
[laravel.com/docs/5.2/helpers.html]
[laravel.com/docs/5.2/localization.html]
[laravel.com/docs/5.2/mail.html]
[laravel.com/docs/5.2/packages.html]
[laravel.com/docs/5.2/pagination.html]
[laravel.com/docs/5.2/queues.html]
[laravel.com/docs/5.2/redis.html]
[laravel.com/docs/5.2/session.html]
[laravel.com/docs/5.2/envoy.html]
[laravel.com/docs/5.2/scheduling.html]
[laravel.com/docs/5.2/testing.html]
[laravel.com/docs/5.2/validation.html]
[laravel.com/docs/5.2/database.html]
[laravel.com/docs/5.2/queries.html]
[laravel.com/docs/5.2/migrations.html]
[laravel.com/docs/5.2/seeding.html]
[laravel.com/docs/5.2/eloquent.html]
[laravel.com/docs/5.2/eloquent-relationships.html]
[laravel.com/docs/5.2/eloquent-collections.html]
[laravel.com/docs/5.2/eloquent-mutators.html]
[laravel.com/docs/5.2/eloquent-serialization.html]
[laravel.com/docs/5.1/releases.html]
[laravel.com/docs/5.1/upgrade.html]
[laravel.com/docs/5.1/contributions.html]
[laravel.com/docs/5.1/homestead.html]
[laravel.com/docs/5.1/quickstart.html]
[laravel.com/docs/5.1/quickstart-intermediate.html]
[laravel.com/docs/5.1/routing.html]
[laravel.com/docs/5.1/middleware.html]
[laravel.com/docs/5.1/controllers.html]
[laravel.com/docs/5.1/requests.html]
[laravel.com/docs/5.1/responses.html]
[laravel.com/docs/5.1/views.html]
[laravel.com/docs/5.1/blade.html]
[laravel.com/docs/5.1/lifecycle.html]
[laravel.com/docs/5.1/structure.html]
[laravel.com/docs/5.1/providers.html]
[laravel.com/docs/5.1/container.html]
[laravel.com/docs/5.1/contracts.html]
[laravel.com/docs/5.1/facades.html]
[laravel.com/docs/5.1/authentication.html]
[laravel.com/docs/5.1/authorization.html]
[laravel.com/docs/5.1/artisan.html]
[laravel.com/docs/5.1/billing.html]
[laravel.com/docs/5.1/cache.html]
[laravel.com/docs/5.1/collections.html]
[laravel.com/docs/5.1/elixir.html]
[laravel.com/docs/5.1/encryption.html]
[laravel.com/docs/5.1/errors.html]
[laravel.com/docs/5.1/events.html]
[laravel.com/docs/5.1/filesystem.html]
[laravel.com/docs/5.1/hashing.html]
[laravel.com/docs/5.1/helpers.html]
[laravel.com/docs/5.1/localization.html]
[laravel.com/docs/5.1/mail.html]
[laravel.com/docs/5.1/packages.html]
[laravel.com/docs/5.1/pagination.html]
[laravel.com/docs/5.1/queues.html]
[laravel.com/docs/5.1/redis.html]
[laravel.com/docs/5.1/session.html]
[laravel.com/docs/5.1/envoy.html]
[laravel.com/docs/5.1/scheduling.html]
[laravel.com/docs/5.1/testing.html]
[laravel.com/docs/5.1/validation.html]
[laravel.com/docs/5.1/database.html]
[laravel.com/docs/5.1/queries.html]
[laravel.com/docs/5.1/migrations.html]
[laravel.com/docs/5.1/seeding.html]
[laravel.com/docs/5.1/eloquent.html]
[laravel.com/docs/5.1/eloquent-relationships.html]
[laravel.com/docs/5.1/eloquent-collections.html]
[laravel.com/docs/5.1/eloquent-mutators.html]
[laravel.com/docs/5.1/eloquent-serialization.html]
[laravel.com/docs/5.0/releases.html]
[laravel.com/docs/5.0/upgrade.html]
[laravel.com/docs/5.0/contributions.html]
[laravel.com/docs/5.0/configuration.html]
[laravel.com/docs/5.0/homestead.html]
[laravel.com/docs/5.0/routing.html]
[laravel.com/docs/5.0/middleware.html]
[laravel.com/docs/5.0/controllers.html]
[laravel.com/docs/5.0/requests.html]
[laravel.com/docs/5.0/responses.html]
[laravel.com/docs/5.0/views.html]
[laravel.com/docs/5.0/providers.html]
[laravel.com/docs/5.0/container.html]
[laravel.com/docs/5.0/contracts.html]
[laravel.com/docs/5.0/facades.html]
[laravel.com/docs/5.0/lifecycle.html]
[laravel.com/docs/5.0/structure.html]
[laravel.com/docs/5.0/authentication.html]
[laravel.com/docs/5.0/billing.html]
[laravel.com/docs/5.0/cache.html]
[laravel.com/docs/5.0/collections.html]
[laravel.com/docs/master/bus]
[laravel.com/docs/5.8/bus]
[laravel.com/docs/5.7/bus]
[laravel.com/docs/5.6/bus]
[laravel.com/docs/5.5/bus]
[laravel.com/docs/5.4/bus]
[laravel.com/docs/5.3/bus]
[laravel.com/docs/5.2/bus]
[laravel.com/docs/5.1/bus]
[laravel.com/docs/4.2/bus]
[laravel.com/docs/5.0/bus.html]
[laravel.com/docs/master/extending]
[laravel.com/docs/5.8/extending]
[laravel.com/docs/5.7/extending]
[laravel.com/docs/5.6/extending]
[laravel.com/docs/5.5/extending]
[laravel.com/docs/5.4/extending]
[laravel.com/docs/5.3/extending]
[laravel.com/docs/5.2/extending]
[laravel.com/docs/5.1/extending]
[laravel.com/docs/5.0/extending.html]
[laravel.com/docs/5.0/elixir.html]
[laravel.com/docs/5.0/encryption.html]
[laravel.com/docs/5.0/envoy.html]
[laravel.com/docs/5.0/errors.html]
[laravel.com/docs/5.0/events.html]
[laravel.com/docs/5.0/filesystem.html]
[laravel.com/docs/5.0/hashing.html]
[laravel.com/docs/5.0/helpers.html]
[laravel.com/docs/5.0/localization.html]
[laravel.com/docs/5.0/mail.html]
[laravel.com/docs/5.0/packages.html]
[laravel.com/docs/5.0/pagination.html]
[laravel.com/docs/5.0/queues.html]
[laravel.com/docs/5.0/session.html]
[laravel.com/docs/master/templates]
[laravel.com/docs/5.8/templates]
[laravel.com/docs/5.7/templates]
[laravel.com/docs/5.6/templates]
[laravel.com/docs/5.5/templates]
[laravel.com/docs/5.4/templates]
[laravel.com/docs/5.3/templates]
[laravel.com/docs/5.2/templates]
[laravel.com/docs/5.1/templates]
[laravel.com/docs/5.0/templates.html]
[laravel.com/docs/5.0/testing.html]
[laravel.com/docs/5.0/validation.html]
[laravel.com/docs/5.0/database.html]
[laravel.com/docs/5.0/queries.html]
[laravel.com/docs/5.0/eloquent.html]
[laravel.com/docs/master/schema]
[laravel.com/docs/5.8/schema]
[laravel.com/docs/5.7/schema]
[laravel.com/docs/5.6/schema]
[laravel.com/docs/5.5/schema]
[laravel.com/docs/5.4/schema]
[laravel.com/docs/5.3/schema]
[laravel.com/docs/5.2/schema]
[laravel.com/docs/5.1/schema]
[laravel.com/docs/5.0/schema.html]
[laravel.com/docs/5.0/migrations.html]
[laravel.com/docs/5.0/redis.html]
[laravel.com/docs/5.0/artisan.html]
[laravel.com/docs/master/commands]
[laravel.com/docs/5.8/commands]
[laravel.com/docs/5.7/commands]
[laravel.com/docs/5.6/commands]
[laravel.com/docs/5.5/commands]
[laravel.com/docs/5.4/commands]
[laravel.com/docs/5.3/commands]
[laravel.com/docs/5.2/commands]
[laravel.com/docs/5.1/commands]
[laravel.com/docs/5.0/commands.html]
[laravel.com/docs/master/introduction]
[laravel.com/docs/5.8/introduction]
[laravel.com/docs/5.7/introduction]
[laravel.com/docs/5.6/introduction]
[laravel.com/docs/5.5/introduction]
[laravel.com/docs/5.4/introduction]
[laravel.com/docs/5.3/introduction]
[laravel.com/docs/5.2/introduction]
[laravel.com/docs/5.1/introduction]
[laravel.com/docs/5.0/introduction]
[laravel.com/docs/4.2/introduction.html]
[laravel.com/docs/master/quick]
[laravel.com/docs/5.8/quick]
[laravel.com/docs/5.7/quick]
[laravel.com/docs/5.6/quick]
[laravel.com/docs/5.5/quick]
[laravel.com/docs/5.4/quick]
[laravel.com/docs/5.3/quick]
[laravel.com/docs/5.2/quick]
[laravel.com/docs/5.1/quick]
[laravel.com/docs/5.0/quick]
[laravel.com/docs/4.2/quick.html]
[laravel.com/docs/4.2/releases.html]
[laravel.com/docs/4.2/upgrade.html]
[laravel.com/docs/4.2/contributions.html]
[laravel.com/docs/4.2/configuration.html]
[laravel.com/docs/4.2/homestead.html]
[laravel.com/docs/4.2/lifecycle.html]
[laravel.com/docs/4.2/routing.html]
[laravel.com/docs/4.2/requests.html]
[laravel.com/docs/4.2/responses.html]
[laravel.com/docs/4.2/controllers.html]
[laravel.com/docs/4.2/errors.html]
[laravel.com/docs/master/security]
[laravel.com/docs/5.8/security]
[laravel.com/docs/5.7/security]
[laravel.com/docs/5.6/security]
[laravel.com/docs/5.5/security]
[laravel.com/docs/5.4/security]
[laravel.com/docs/5.3/security]
[laravel.com/docs/5.2/security]
[laravel.com/docs/5.1/security]
[laravel.com/docs/5.0/security]
[laravel.com/docs/4.2/security.html]
[laravel.com/docs/4.2/billing.html]
[laravel.com/docs/4.2/cache.html]
[laravel.com/docs/4.2/extending.html]
[laravel.com/docs/4.2/events.html]
[laravel.com/docs/4.2/facades.html]
[laravel.com/docs/master/html]
[laravel.com/docs/5.8/html]
[laravel.com/docs/5.7/html]
[laravel.com/docs/5.6/html]
[laravel.com/docs/5.5/html]
[laravel.com/docs/5.4/html]
[laravel.com/docs/5.3/html]
[laravel.com/docs/5.2/html]
[laravel.com/docs/5.1/html]
[laravel.com/docs/5.0/html]
[laravel.com/docs/4.2/html.html]
[laravel.com/docs/4.2/helpers.html]
[laravel.com/docs/master/ioc]
[laravel.com/docs/5.8/ioc]
[laravel.com/docs/5.7/ioc]
[laravel.com/docs/5.6/ioc]
[laravel.com/docs/5.5/ioc]
[laravel.com/docs/5.4/ioc]
[laravel.com/docs/5.3/ioc]
[laravel.com/docs/5.2/ioc]
[laravel.com/docs/5.1/ioc]
[laravel.com/docs/5.0/ioc]
[laravel.com/docs/4.2/ioc.html]
[laravel.com/docs/4.2/localization.html]
[laravel.com/docs/4.2/mail.html]
[laravel.com/docs/4.2/packages.html]
[laravel.com/docs/4.2/pagination.html]
[laravel.com/docs/4.2/queues.html]
[laravel.com/docs/4.2/session.html]
[laravel.com/docs/master/ssh]
[laravel.com/docs/5.7/ssh]
[laravel.com/docs/5.6/ssh]
[laravel.com/docs/5.5/ssh]
[laravel.com/docs/5.4/ssh]
[laravel.com/docs/5.3/ssh]
[laravel.com/docs/5.2/ssh]
[laravel.com/docs/5.1/ssh]
[laravel.com/docs/5.0/ssh]
[laravel.com/docs/4.2/ssh.html]
[laravel.com/docs/4.2/templates.html]
[laravel.com/docs/4.2/testing.html]
[laravel.com/docs/4.2/validation.html]
[laravel.com/docs/4.2/database.html]
[laravel.com/docs/4.2/queries.html]
[laravel.com/docs/4.2/eloquent.html]
[laravel.com/docs/4.2/schema.html]
[laravel.com/docs/4.2/migrations.html]
[laravel.com/docs/4.2/redis.html]
[laravel.com/docs/4.2/artisan.html]
[laravel.com/docs/4.2/commands.html]
[laravel.com/docs/5.1/configuration.html]
[laravel.com/docs/4.2/structure.html]
[laravel.com/docs/5.1/valet.html]
[laravel.com/docs/5.0/valet.html]
[laravel.com/docs/4.2/valet.html]
[laravel.com/docs/5.4/deployment.html]
[laravel.com/docs/5.3/deployment.html]
[laravel.com/docs/5.2/deployment.html]
[laravel.com/docs/5.1/deployment.html]
[laravel.com/docs/5.0/deployment.html]
[laravel.com/docs/4.2/deployment.html]
[laravel.com/docs/4.2/container.html]
[laravel.com/docs/4.2/providers.html]
[laravel.com/docs/4.2/contracts.html]
[laravel.com/docs/4.2/middleware.html]
[laravel.com/docs/5.2/csrf.html]
[laravel.com/docs/5.1/csrf.html]
[laravel.com/docs/5.0/csrf.html]
[laravel.com/docs/4.2/csrf.html]
[laravel.com/docs/4.2/views.html]
[laravel.com/docs/5.4/urls.html]
[laravel.com/docs/5.3/urls.html]
[laravel.com/docs/5.2/urls.html]
[laravel.com/docs/5.1/urls.html]
[laravel.com/docs/5.0/urls.html]
[laravel.com/docs/4.2/urls.html]
[laravel.com/docs/5.5/logging.html]
[laravel.com/docs/5.4/logging.html]
[laravel.com/docs/5.3/logging.html]
[laravel.com/docs/5.2/logging.html]
[laravel.com/docs/5.1/logging.html]
[laravel.com/docs/5.0/logging.html]
[laravel.com/docs/4.2/logging.html]
[laravel.com/docs/5.0/blade.html]
[laravel.com/docs/4.2/blade.html]
[laravel.com/docs/5.2/frontend.html]
[laravel.com/docs/5.1/frontend.html]
[laravel.com/docs/5.0/frontend.html]
[laravel.com/docs/4.2/frontend.html]
[laravel.com/docs/5.3/mix.html]
[laravel.com/docs/5.2/mix.html]
[laravel.com/docs/5.1/mix.html]
[laravel.com/docs/5.0/mix.html]
[laravel.com/docs/4.2/mix.html]
[laravel.com/docs/4.2/authentication.html]
[laravel.com/docs/5.7/api-authentication.html]
[laravel.com/docs/5.6/api-authentication.html]
[laravel.com/docs/5.5/api-authentication.html]
[laravel.com/docs/5.4/api-authentication.html]
[laravel.com/docs/5.3/api-authentication.html]
[laravel.com/docs/5.2/api-authentication.html]
[laravel.com/docs/5.1/api-authentication.html]
[laravel.com/docs/5.0/api-authentication.html]
[laravel.com/docs/4.2/api-authentication.html]
[laravel.com/docs/5.0/authorization.html]
[laravel.com/docs/4.2/authorization.html]
[laravel.com/docs/5.6/verification.html]
[laravel.com/docs/5.5/verification.html]
[laravel.com/docs/5.4/verification.html]
[laravel.com/docs/5.3/verification.html]
[laravel.com/docs/5.2/verification.html]
[laravel.com/docs/5.1/verification.html]
[laravel.com/docs/5.0/verification.html]
[laravel.com/docs/4.2/verification.html]
[laravel.com/docs/4.2/encryption.html]
[laravel.com/docs/4.2/hashing.html]
[laravel.com/docs/5.2/passwords.html]
[laravel.com/docs/5.1/passwords.html]
[laravel.com/docs/5.0/passwords.html]
[laravel.com/docs/4.2/passwords.html]
[laravel.com/docs/5.2/broadcasting.html]
[laravel.com/docs/5.1/broadcasting.html]
[laravel.com/docs/5.0/broadcasting.html]
[laravel.com/docs/4.2/broadcasting.html]
[laravel.com/docs/4.2/collections.html]
[laravel.com/docs/4.2/filesystem.html]
[laravel.com/docs/5.2/notifications.html]
[laravel.com/docs/5.1/notifications.html]
[laravel.com/docs/5.0/notifications.html]
[laravel.com/docs/4.2/notifications.html]
[laravel.com/docs/5.0/scheduling.html]
[laravel.com/docs/4.2/scheduling.html]
[laravel.com/docs/5.0/seeding.html]
[laravel.com/docs/4.2/seeding.html]
[laravel.com/docs/5.0/eloquent-relationships.html]
[laravel.com/docs/4.2/eloquent-relationships.html]
[laravel.com/docs/5.0/eloquent-collections.html]
[laravel.com/docs/4.2/eloquent-collections.html]
[laravel.com/docs/5.0/eloquent-mutators.html]
[laravel.com/docs/4.2/eloquent-mutators.html]
[laravel.com/docs/5.4/eloquent-resources.html]
[laravel.com/docs/5.3/eloquent-resources.html]
[laravel.com/docs/5.2/eloquent-resources.html]
[laravel.com/docs/5.1/eloquent-resources.html]
[laravel.com/docs/5.0/eloquent-resources.html]
[laravel.com/docs/4.2/eloquent-resources.html]
[laravel.com/docs/5.0/eloquent-serialization.html]
[laravel.com/docs/4.2/eloquent-serialization.html]
[laravel.com/docs/5.3/http-tests.html]
[laravel.com/docs/5.2/http-tests.html]
[laravel.com/docs/5.1/http-tests.html]
[laravel.com/docs/5.0/http-tests.html]
[laravel.com/docs/4.2/http-tests.html]
[laravel.com/docs/5.6/console-tests.html]
[laravel.com/docs/5.5/console-tests.html]
[laravel.com/docs/5.4/console-tests.html]
[laravel.com/docs/5.3/console-tests.html]
[laravel.com/docs/5.2/console-tests.html]
[laravel.com/docs/5.1/console-tests.html]
[laravel.com/docs/5.0/console-tests.html]
[laravel.com/docs/4.2/console-tests.html]
[laravel.com/docs/5.3/dusk.html]
[laravel.com/docs/5.2/dusk.html]
[laravel.com/docs/5.1/dusk.html]
[laravel.com/docs/5.0/dusk.html]
[laravel.com/docs/4.2/dusk.html]
[laravel.com/docs/5.2/database-testing.html]
[laravel.com/docs/5.1/database-testing.html]
[laravel.com/docs/5.0/database-testing.html]
[laravel.com/docs/4.2/database-testing.html]
[laravel.com/docs/5.2/mocking.html]
[laravel.com/docs/5.1/mocking.html]
[laravel.com/docs/5.0/mocking.html]
[laravel.com/docs/4.2/mocking.html]
[laravel.com/docs/5.7/braintree.43d.delayed]
[laravel.com/docs/5.6/braintree]
[laravel.com/docs/5.5/braintree]
[laravel.com/docs/5.4/braintree]
[laravel.com/docs/5.3/braintree]
[laravel.com/docs/5.2/braintree]
[laravel.com/docs/5.1/braintree]
[laravel.com/docs/5.0/braintree]
[laravel.com/docs/4.2/braintree]
[laravel.com/docs/5.8/braintree.html]
[laravel.com/docs/4.2/envoy.html]
[laravel.com/docs/5.4/horizon.html]
[laravel.com/docs/5.3/horizon.html]
[laravel.com/docs/5.2/horizon.html]
[laravel.com/docs/5.1/horizon.html]
[laravel.com/docs/5.0/horizon.html]
[laravel.com/docs/4.2/horizon.html]
[laravel.com/docs/5.2/passport.html]
[laravel.com/docs/5.1/passport.html]
[laravel.com/docs/5.0/passport.html]
[laravel.com/docs/4.2/passport.html]
[laravel.com/docs/5.2/scout.html]
[laravel.com/docs/5.1/scout.html]
[laravel.com/docs/5.0/scout.html]
[laravel.com/docs/4.2/scout.html]
[laravel.com/docs/5.3/socialite.html]
[laravel.com/docs/5.2/socialite.html]
[laravel.com/docs/5.1/socialite.html]
[laravel.com/docs/5.0/socialite.html]
[laravel.com/docs/4.2/socialite.html]
[laravel.com/docs/5.6/telescope.html]
[laravel.com/docs/5.5/telescope.html]
[laravel.com/docs/5.4/telescope.html]
[laravel.com/docs/5.3/telescope.html]
[laravel.com/docs/5.2/telescope.html]
[laravel.com/docs/5.1/telescope.html]
[laravel.com/docs/5.0/telescope.html]
[laravel.com/docs/4.2/telescope.html]
[laravel.com/docs/master/braintree.html]
[laravel.com/docs/5.8/4.html]
[laravel.com/docs/5.8/ssh.html]
[laravel.com/docs/master/elixir.html]
[laravel.com/docs/5.8/elixir.html]
[laravel.com/docs/5.7/elixir.html]
[laravel.com/docs/5.6/elixir.html]
[laravel.com/docs/5.5/elixir.html]
[laravel.com/docs/5.4/elixir.html]
[laravel.com/docs/4.2/elixir.html]
[laravel.com/docs/master/application-testing.html]
[laravel.com/docs/5.8/application-testing.html]
[laravel.com/docs/5.7/application-testing.html]
[laravel.com/docs/5.6/application-testing.html]
[laravel.com/docs/5.5/application-testing.html]
[laravel.com/docs/5.4/application-testing.html]
[laravel.com/docs/5.2/application-testing.html]
[laravel.com/docs/5.1/application-testing.html]
[laravel.com/docs/5.0/application-testing.html]
[laravel.com/docs/4.2/application-testing.html]
[laravel.com/docs/master/quickstart.html]
[laravel.com/docs/5.8/quickstart.html]
[laravel.com/docs/5.7/quickstart.html]
[laravel.com/docs/5.6/quickstart.html]
[laravel.com/docs/5.5/quickstart.html]
[laravel.com/docs/5.4/quickstart.html]
[laravel.com/docs/5.3/quickstart.html]
[laravel.com/docs/5.0/quickstart.html]
[laravel.com/docs/4.2/quickstart.html]
[laravel.com/docs/master/quickstart-intermediate.html]
[laravel.com/docs/5.8/quickstart-intermediate.html]
[laravel.com/docs/5.7/quickstart-intermediate.html]
[laravel.com/docs/5.6/quickstart-intermediate.html]
[laravel.com/docs/5.5/quickstart-intermediate.html]
[laravel.com/docs/5.4/quickstart-intermediate.html]
[laravel.com/docs/5.3/quickstart-intermediate.html]
[laravel.com/docs/5.0/quickstart-intermediate.html]
[laravel.com/docs/4.2/quickstart-intermediate.html]
[laravel.com/docs/master/bus.html]
[laravel.com/docs/5.8/bus.html]
[laravel.com/docs/5.7/bus.html]
[laravel.com/docs/5.6/bus.html]
[laravel.com/docs/5.5/bus.html]
[laravel.com/docs/5.4/bus.html]
[laravel.com/docs/5.3/bus.html]
[laravel.com/docs/5.2/bus.html]
[laravel.com/docs/5.1/bus.html]
[laravel.com/docs/4.2/bus.html]
[laravel.com/docs/master/extending.html]
[laravel.com/docs/5.8/extending.html]
[laravel.com/docs/5.7/extending.html]
[laravel.com/docs/5.6/extending.html]
[laravel.com/docs/5.5/extending.html]
[laravel.com/docs/5.4/extending.html]
[laravel.com/docs/5.3/extending.html]
[laravel.com/docs/5.2/extending.html]
[laravel.com/docs/5.1/extending.html]
[laravel.com/docs/master/templates.html]
[laravel.com/docs/5.8/templates.html]
[laravel.com/docs/5.7/templates.html]
[laravel.com/docs/5.6/templates.html]
[laravel.com/docs/5.5/templates.html]
[laravel.com/docs/5.4/templates.html]
[laravel.com/docs/5.3/templates.html]
[laravel.com/docs/5.2/templates.html]
[laravel.com/docs/5.1/templates.html]
[laravel.com/docs/master/schema.html]
[laravel.com/docs/5.8/schema.html]
[laravel.com/docs/5.7/schema.html]
[laravel.com/docs/5.6/schema.html]
[laravel.com/docs/5.5/schema.html]
[laravel.com/docs/5.4/schema.html]
[laravel.com/docs/5.3/schema.html]
[laravel.com/docs/5.2/schema.html]
[laravel.com/docs/5.1/schema.html]
[laravel.com/docs/master/commands.html]
[laravel.com/docs/5.8/commands.html]
[laravel.com/docs/5.7/commands.html]
[laravel.com/docs/5.6/commands.html]
[laravel.com/docs/5.5/commands.html]
[laravel.com/docs/5.4/commands.html]
[laravel.com/docs/5.3/commands.html]
[laravel.com/docs/5.2/commands.html]
[laravel.com/docs/5.1/commands.html]
[laravel.com/docs/master/introduction.html]
[laravel.com/docs/5.8/introduction.html]
[laravel.com/docs/5.7/introduction.html]
[laravel.com/docs/5.6/introduction.html]
[laravel.com/docs/5.5/introduction.html]
[laravel.com/docs/5.4/introduction.html]
[laravel.com/docs/5.3/introduction.html]
[laravel.com/docs/5.2/introduction.html]
[laravel.com/docs/5.1/introduction.html]
[laravel.com/docs/5.0/introduction.html]
[laravel.com/docs/master/quick.html]
[laravel.com/docs/5.8/quick.html]
[laravel.com/docs/5.7/quick.html]
[laravel.com/docs/5.6/quick.html]
[laravel.com/docs/5.5/quick.html]
[laravel.com/docs/5.4/quick.html]
[laravel.com/docs/5.3/quick.html]
[laravel.com/docs/5.2/quick.html]
[laravel.com/docs/5.1/quick.html]
[laravel.com/docs/5.0/quick.html]
[laravel.com/docs/master/security.html]
[laravel.com/docs/5.8/security.html]
[laravel.com/docs/5.7/security.html]
[laravel.com/docs/5.6/security.html]
[laravel.com/docs/5.5/security.html]
[laravel.com/docs/5.4/security.html]
[laravel.com/docs/5.3/security.html]
[laravel.com/docs/5.2/security.html]
[laravel.com/docs/5.1/security.html]
[laravel.com/docs/5.0/security.html]
[laravel.com/docs/master/html.html]
[laravel.com/docs/5.8/html.html]
[laravel.com/docs/5.7/html.html]
[laravel.com/docs/5.6/html.html]
[laravel.com/docs/5.5/html.html]
[laravel.com/docs/5.4/html.html]
[laravel.com/docs/5.3/html.html]
[laravel.com/docs/5.2/html.html]
[laravel.com/docs/5.1/html.html]
[laravel.com/docs/5.0/html.html]
[laravel.com/docs/master/ioc.html]
[laravel.com/docs/5.8/ioc.html]
[laravel.com/docs/5.7/ioc.html]
[laravel.com/docs/5.6/ioc.html]
[laravel.com/docs/5.5/ioc.html]
[laravel.com/docs/5.4/ioc.html]
[laravel.com/docs/5.3/ioc.html]
[laravel.com/docs/5.2/ioc.html]
[laravel.com/docs/5.1/ioc.html]
[laravel.com/docs/5.0/ioc.html]
[laravel.com/docs/master/ssh.html]
[laravel.com/docs/5.7/ssh.html]
[laravel.com/docs/5.6/ssh.html]
[laravel.com/docs/5.5/ssh.html]
[laravel.com/docs/5.4/ssh.html]
[laravel.com/docs/5.3/ssh.html]
[laravel.com/docs/5.2/ssh.html]
[laravel.com/docs/5.1/ssh.html]
[laravel.com/docs/5.0/ssh.html]
[laravel.com/docs/5.7/braintree.html]
[laravel.com/docs/5.6/braintree.html]
[laravel.com/docs/5.5/braintree.html]
[laravel.com/docs/5.4/braintree.html]
[laravel.com/docs/5.3/braintree.html]
[laravel.com/docs/5.2/braintree.html]
[laravel.com/docs/5.1/braintree.html]
[laravel.com/docs/5.0/braintree.html]
[laravel.com/docs/4.2/braintree.html]
