[laravel.com/docs/5.html]
[backblue.gif]
[fade.gif]
[index.html]
[laravel.com/docs/5.8/installation.html]
[cdnjs.cloudflare.com/ajax/libs/flexboxgrid/6.3.1/flexboxgrid.min.css]
[laravel.com/assets/css/laraveldf84.css]
[laravel.com/favicon.png]
[laravel.com/docs/master.html]
[laravel.com/docs/5-2.html]
[laravel.com/fonts/632887/FFE2ABC2B78114E8E.css]
[laravel.com/docs/5-3.html]
[laravel.com/docs/5-4.html]
[laravel.com/docs/5-5.html]
[laravel.com/docs/5-6.html]
[laravel.com/docs/5-7.html]
[laravel.com/docs/5-8.html]
[laravel.com/docs/5-9.html]
[laravel.com/docs/4.html]
[laravel.com/assets/img/laravel-logo-white.png]
[laravel.com/docs/5.8/releases.html]
[laravel.com/docs/5.8/upgrade.html]
[laravel.com/docs/5.8/contributions.html]
[laravel.com/docs/5.8/configuration.html]
[laravel.com/docs/5.8/structure.html]
[laravel.com/docs/5.8/homestead.html]
[laravel.com/docs/5.8/valet.html]
[laravel.com/docs/5.8/deployment.html]
[laravel.com/docs/5.8/lifecycle.html]
[laravel.com/docs/5.8/container.html]
[laravel.com/docs/5.8/providers.html]
[laravel.com/docs/5.8/facades.html]
[laravel.com/docs/5.8/contracts.html]
[laravel.com/docs/5.8/routing.html]
[laravel.com/docs/5.8/middleware.html]
[laravel.com/docs/5.8/csrf.html]
[laravel.com/docs/5.8/controllers.html]
[laravel.com/docs/5.8/requests.html]
[laravel.com/docs/5.8/responses.html]
[laravel.com/docs/5.8/views.html]
[laravel.com/docs/5.8/urls.html]
[laravel.com/docs/5.8/session.html]
[laravel.com/docs/5.8/validation.html]
[laravel.com/docs/5.8/errors.html]
[laravel.com/docs/5.8/logging.html]
[laravel.com/docs/5.8/blade.html]
[laravel.com/docs/5.8/localization.html]
[laravel.com/docs/5.8/frontend.html]
[laravel.com/docs/5.8/mix.html]
[laravel.com/docs/5.8/authentication.html]
[laravel.com/docs/5.8/api-authentication.html]
[laravel.com/docs/5.8/authorization.html]
[laravel.com/docs/5.8/verification.html]
[laravel.com/docs/5.8/encryption.html]
[laravel.com/docs/5.8/hashing.html]
[laravel.com/docs/5.8/passwords.html]
[laravel.com/docs/5.8/artisan.html]
[laravel.com/docs/5.8/broadcasting.html]
[laravel.com/docs/5.8/cache.html]
[laravel.com/docs/5.8/collections.html]
[laravel.com/docs/5.8/events.html]
[laravel.com/docs/5.8/filesystem.html]
[laravel.com/docs/5.8/helpers.html]
[laravel.com/docs/5.8/mail.html]
[laravel.com/docs/5.8/notifications.html]
[laravel.com/docs/5.8/packages.html]
[laravel.com/docs/5.8/queues.html]
[laravel.com/docs/5.8/scheduling.html]
[laravel.com/docs/5.8/database.html]
[laravel.com/docs/5.8/queries.html]
[laravel.com/docs/5.8/pagination.html]
[laravel.com/docs/5.8/migrations.html]
[laravel.com/docs/5.8/seeding.html]
[laravel.com/docs/5.8/redis.html]
[laravel.com/docs/5.8/eloquent.html]
[laravel.com/docs/5.8/eloquent-relationships.html]
[laravel.com/docs/5.8/eloquent-collections.html]
[laravel.com/docs/5.8/eloquent-mutators.html]
[laravel.com/docs/5.8/eloquent-resources.html]
[laravel.com/docs/5.8/eloquent-serialization.html]
[laravel.com/docs/5.8/testing.html]
[laravel.com/docs/5.8/http-tests.html]
[laravel.com/docs/5.8/console-tests.html]
[laravel.com/docs/5.8/dusk.html]
[laravel.com/docs/5.8/database-testing.html]
[laravel.com/docs/5.8/mocking.html]
[laravel.com/docs/5.8/billing.html]
[laravel.com/docs/5.8/envoy.html]
[laravel.com/docs/5.8/horizon.html]
[laravel.com/docs/5.8/passport.html]
[laravel.com/docs/5.8/scout.html]
[laravel.com/docs/5.8/socialite.html]
[laravel.com/docs/5.8/telescope.html]
[cdn.carbonads.com/carbon83bb.js]
[laravel.com/docs/5.html]
[laravel.com/assets/js/viewport-units-buggyfill.js]
[laravel.com/assets/js/laravel91b2.js]
[laravel.com/docs/master/installation.html]
[laravel.com/docs/5.7/installation.html]
[laravel.com/docs/5.6/installation.html]
[laravel.com/docs/5.5/installation.html]
[laravel.com/docs/5.4/installation.html]
[laravel.com/docs/5.3/installation.html]
[laravel.com/docs/5.2/installation.html]
[laravel.com/docs/5.1/installation.html]
[laravel.com/docs/5.0/installation.html]
[laravel.com/docs/5.8/installation.html]
[laravel.com/docs/4.2/installation.html]
[laravel.com/assets/img/cloud-bar.png]
[laravel.com/assets/img/forge-flames.jpg]
[laravel.com/assets/img/laracon-bg.jpg]
[laravel.com/assets/img/laravel-tucked.png]
[laravel.com/assets/img/partner-img-vehikl-color.png]
[laravel.com/assets/img/partner-img-tighten-color.png]
[laravel.com/assets/img/partner-img-kirschbaum-color.png]
[laravel.com/assets/img/partner-img-byte5-color.png]
[laravel.com/assets/img/partner-img-64robot-color.png]
[laravel.com/assets/img/partner-img-cubet-color.png]
[laravel.com/assets/img/partner-img-devsquad-color.png]
[laravel.com/assets/img/partner-img-ideil-color.png]
[laravel.com/assets/img/partner-img-cyberduck-color.jpg]
[laravel.com/assets/img/partner-img-insider.png]
[laravel.com/assets/css/laraveldf84.css]
[cdnjs.cloudflare.com/ajax/libs/flexboxgrid/6.3.1/flexboxgrid.min.css]
[laravel.com/fonts/632887/FFE2ABC2B78114E8E.css]
[laravel.com/docs/master/releases.html]
[laravel.com/docs/master/upgrade.html]
[laravel.com/docs/master/contributions.html]
[laravel.com/docs/master/configuration.html]
[laravel.com/docs/master/structure.html]
[laravel.com/docs/master/homestead.html]
[laravel.com/docs/master/valet.html]
[laravel.com/docs/master/deployment.html]
[laravel.com/docs/master/lifecycle.html]
[laravel.com/docs/master/container.html]
[laravel.com/docs/master/providers.html]
[laravel.com/docs/master/facades.html]
[laravel.com/docs/master/contracts.html]
[laravel.com/docs/master/routing.html]
[laravel.com/docs/master/middleware.html]
[laravel.com/docs/master/csrf.html]
[laravel.com/docs/master/controllers.html]
[laravel.com/docs/master/requests.html]
[laravel.com/docs/master/responses.html]
[laravel.com/docs/master/views.html]
[laravel.com/docs/master/urls.html]
[laravel.com/docs/master/session.html]
[laravel.com/docs/master/validation.html]
[laravel.com/docs/master/errors.html]
[laravel.com/docs/master/logging.html]
[laravel.com/docs/master/blade.html]
[laravel.com/docs/master/localization.html]
[laravel.com/docs/master/frontend.html]
[laravel.com/docs/master/mix.html]
[laravel.com/docs/master/authentication.html]
[laravel.com/docs/master/api-authentication.html]
[laravel.com/docs/master/authorization.html]
[laravel.com/docs/master/verification.html]
[laravel.com/docs/master/encryption.html]
[laravel.com/docs/master/hashing.html]
[laravel.com/docs/master/passwords.html]
[laravel.com/docs/master/artisan.html]
[laravel.com/docs/master/broadcasting.html]
[laravel.com/docs/master/cache.html]
[laravel.com/docs/master/collections.html]
[laravel.com/docs/master/events.html]
[laravel.com/docs/master/filesystem.html]
[laravel.com/docs/master/helpers.html]
[laravel.com/docs/master/mail.html]
[laravel.com/docs/master/notifications.html]
[laravel.com/docs/master/packages.html]
[laravel.com/docs/master/queues.html]
[laravel.com/docs/master/scheduling.html]
[laravel.com/docs/master/database.html]
[laravel.com/docs/master/queries.html]
[laravel.com/docs/master/pagination.html]
[laravel.com/docs/master/migrations.html]
[laravel.com/docs/master/seeding.html]
[laravel.com/docs/master/redis.html]
[laravel.com/docs/master/eloquent.html]
[laravel.com/docs/master/eloquent-relationships.html]
[laravel.com/docs/master/eloquent-collections.html]
[laravel.com/docs/master/eloquent-mutators.html]
[laravel.com/docs/master/eloquent-resources.html]
[laravel.com/docs/master/eloquent-serialization.html]
[laravel.com/docs/master/testing.html]
[laravel.com/docs/master/http-tests.html]
[laravel.com/docs/master/console-tests.html]
[laravel.com/docs/master/dusk.html]
[laravel.com/docs/master/database-testing.html]
[laravel.com/docs/master/mocking.html]
[laravel.com/docs/master/billing.html]
[laravel.com/docs/master/envoy.html]
[laravel.com/docs/master/horizon.html]
[laravel.com/docs/master/passport.html]
[laravel.com/docs/master/scout.html]
[laravel.com/docs/master/socialite.html]
[laravel.com/docs/master.html]
[laravel.com/docs/master/telescope.html]
[laravel.com/docs/5.7/releases.html]
[laravel.com/docs/5.7/upgrade.html]
[laravel.com/docs/5.7/contributions.html]
[laravel.com/docs/5.7/configuration.html]
[laravel.com/docs/5.7/structure.html]
[laravel.com/docs/5.7/homestead.html]
[laravel.com/docs/5.7/valet.html]
[laravel.com/docs/5.7/deployment.html]
[laravel.com/docs/5.7/lifecycle.html]
[laravel.com/docs/5.7/container.html]
[laravel.com/docs/5.7/providers.html]
[laravel.com/docs/5.7/facades.html]
[laravel.com/docs/5.7/contracts.html]
[laravel.com/docs/5.7/routing.html]
[laravel.com/docs/5.7/middleware.html]
[laravel.com/docs/5.7/csrf.html]
[laravel.com/docs/5.7/controllers.html]
[laravel.com/docs/5.7/requests.html]
[laravel.com/docs/5.7/responses.html]
[laravel.com/docs/5.7/views.html]
[laravel.com/docs/5.7/urls.html]
[laravel.com/docs/5.7/session.html]
[laravel.com/docs/5.7/validation.html]
[laravel.com/docs/5.7/errors.html]
[laravel.com/docs/5.7/logging.html]
[laravel.com/docs/5.7/blade.html]
[laravel.com/docs/5.7/localization.html]
[laravel.com/docs/5.7/frontend.html]
[laravel.com/docs/5.7/mix.html]
[laravel.com/docs/5.7/authentication.html]
[laravel.com/docs/5.7/passport.html]
[laravel.com/docs/5.7/authorization.html]
[laravel.com/docs/5.7/verification.html]
[laravel.com/docs/5.7/encryption.html]
[laravel.com/docs/5.7/hashing.html]
[laravel.com/docs/5.7/passwords.html]
[laravel.com/docs/5.7/artisan.html]
[laravel.com/docs/5.7/broadcasting.html]
[laravel.com/docs/5.7/cache.html]
[laravel.com/docs/5.7/collections.html]
[laravel.com/docs/5.7/events.html]
[laravel.com/docs/5.7/filesystem.html]
[laravel.com/docs/5.7/helpers.html]
[laravel.com/docs/5.7/mail.html]
[laravel.com/docs/5.7/notifications.html]
[laravel.com/docs/5.7/packages.html]
[laravel.com/docs/5.7/queues.html]
[laravel.com/docs/5.7/scheduling.html]
[laravel.com/docs/5.7/database.html]
[laravel.com/docs/5.7/queries.html]
[laravel.com/docs/5.7/pagination.html]
[laravel.com/docs/5.7/migrations.html]
[laravel.com/docs/5.7/seeding.html]
[laravel.com/docs/5.7/redis.html]
[laravel.com/docs/5.7/eloquent.html]
[laravel.com/docs/5.7/eloquent-relationships.html]
[laravel.com/docs/5.7/eloquent-collections.html]
[laravel.com/docs/5.7/eloquent-mutators.html]
[laravel.com/docs/5.7/eloquent-resources.html]
[laravel.com/docs/5.7/eloquent-serialization.html]
[laravel.com/docs/5.7/testing.html]
[laravel.com/docs/5.7/http-tests.html]
[laravel.com/docs/5.7/console-tests.html]
[laravel.com/docs/5.7/dusk.html]
[laravel.com/docs/5.7/database-testing.html]
[laravel.com/docs/5.7/mocking.html]
[laravel.com/docs/5.7/billing.html]
[laravel.com/docs/5.7/envoy.html]
[laravel.com/docs/5.7/horizon.html]
[laravel.com/docs/5.7/scout.html]
[laravel.com/docs/5.7/socialite.html]
[laravel.com/docs/5-2.html]
[laravel.com/docs/5.7/telescope.html]
[laravel.com/docs/5.6/releases.html]
[laravel.com/docs/5.6/upgrade.html]
[laravel.com/docs/5.6/contributions.html]
[laravel.com/docs/5.6/configuration.html]
[laravel.com/docs/5.6/structure.html]
[laravel.com/docs/5.6/homestead.html]
[laravel.com/docs/5.6/valet.html]
[laravel.com/docs/5.6/deployment.html]
[laravel.com/docs/5.6/lifecycle.html]
[laravel.com/docs/5.6/container.html]
[laravel.com/docs/5.6/providers.html]
[laravel.com/docs/5.6/facades.html]
[laravel.com/docs/5.6/contracts.html]
[laravel.com/docs/5.6/routing.html]
[laravel.com/docs/5.6/middleware.html]
[laravel.com/docs/5.6/csrf.html]
[laravel.com/docs/5.6/controllers.html]
[laravel.com/docs/5.6/requests.html]
[laravel.com/docs/5.6/responses.html]
[laravel.com/docs/5.6/views.html]
[laravel.com/docs/5.6/urls.html]
[laravel.com/docs/5.6/session.html]
[laravel.com/docs/5.6/validation.html]
[laravel.com/docs/5.6/errors.html]
[laravel.com/docs/5.6/logging.html]
[laravel.com/docs/5.6/blade.html]
[laravel.com/docs/5.6/localization.html]
[laravel.com/docs/5.6/frontend.html]
[laravel.com/docs/5.6/mix.html]
[laravel.com/docs/5.6/authentication.html]
[laravel.com/docs/5.6/passport.html]
[laravel.com/docs/5.6/authorization.html]
[laravel.com/docs/5.6/encryption.html]
[laravel.com/docs/5.6/hashing.html]
[laravel.com/docs/5.6/passwords.html]
[laravel.com/docs/5.6/artisan.html]
[laravel.com/docs/5.6/broadcasting.html]
[laravel.com/docs/5.6/cache.html]
[laravel.com/docs/5.6/collections.html]
[laravel.com/docs/5.6/events.html]
[laravel.com/docs/5.6/filesystem.html]
[laravel.com/docs/5.6/helpers.html]
[laravel.com/docs/5.6/mail.html]
[laravel.com/docs/5.6/notifications.html]
[laravel.com/docs/5.6/packages.html]
[laravel.com/docs/5.6/queues.html]
[laravel.com/docs/5.6/scheduling.html]
[laravel.com/docs/5.6/database.html]
[laravel.com/docs/5.6/queries.html]
[laravel.com/docs/5.6/pagination.html]
[laravel.com/docs/5.6/migrations.html]
[laravel.com/docs/5.6/seeding.html]
[laravel.com/docs/5.6/redis.html]
[laravel.com/docs/5.6/eloquent.html]
[laravel.com/docs/5.6/eloquent-relationships.html]
[laravel.com/docs/5.6/eloquent-collections.html]
[laravel.com/docs/5.6/eloquent-mutators.html]
[laravel.com/docs/5.6/eloquent-resources.html]
[laravel.com/docs/5.6/eloquent-serialization.html]
[laravel.com/docs/5.6/testing.html]
[laravel.com/docs/5.6/http-tests.html]
[laravel.com/docs/5.6/dusk.html]
[laravel.com/docs/5.6/database-testing.html]
[laravel.com/docs/5.6/mocking.html]
[laravel.com/docs/5.6/billing.html]
[laravel.com/docs/5.6/envoy.html]
[laravel.com/docs/5.6/horizon.html]
[laravel.com/docs/5.6/scout.html]
[laravel.com/docs/5-3.html]
[laravel.com/docs/5.6/socialite.html]
[laravel.com/docs/5.5/releases.html]
[laravel.com/docs/5.5/upgrade.html]
[laravel.com/docs/5.5/contributions.html]
[laravel.com/docs/5.5/configuration.html]
[laravel.com/docs/5.5/structure.html]
[laravel.com/docs/5.5/homestead.html]
[laravel.com/docs/5.5/valet.html]
[laravel.com/docs/5.5/deployment.html]
[laravel.com/docs/5.5/lifecycle.html]
[laravel.com/docs/5.5/container.html]
[laravel.com/docs/5.5/providers.html]
[laravel.com/docs/5.5/facades.html]
[laravel.com/docs/5.5/contracts.html]
[laravel.com/docs/5.5/routing.html]
[laravel.com/docs/5.5/middleware.html]
[laravel.com/docs/5.5/csrf.html]
[laravel.com/docs/5.5/controllers.html]
[laravel.com/docs/5.5/requests.html]
[laravel.com/docs/5.5/responses.html]
[laravel.com/docs/5.5/views.html]
[laravel.com/docs/5.5/urls.html]
[laravel.com/docs/5.5/session.html]
[laravel.com/docs/5.5/validation.html]
[laravel.com/docs/5.5/errors.html]
[laravel.com/docs/5.5/blade.html]
[laravel.com/docs/5.5/localization.html]
[laravel.com/docs/5.5/frontend.html]
[laravel.com/docs/5.5/mix.html]
[laravel.com/docs/5.5/authentication.html]
[laravel.com/docs/5.5/passport.html]
[laravel.com/docs/5.5/authorization.html]
[laravel.com/docs/5.5/encryption.html]
[laravel.com/docs/5.5/hashing.html]
[laravel.com/docs/5.5/passwords.html]
[laravel.com/docs/5.5/artisan.html]
[laravel.com/docs/5.5/broadcasting.html]
[laravel.com/docs/5.5/cache.html]
[laravel.com/docs/5.5/collections.html]
[laravel.com/docs/5.5/events.html]
[laravel.com/docs/5.5/filesystem.html]
[laravel.com/docs/5.5/helpers.html]
[laravel.com/docs/5.5/mail.html]
[laravel.com/docs/5.5/notifications.html]
[laravel.com/docs/5.5/packages.html]
[laravel.com/docs/5.5/queues.html]
[laravel.com/docs/5.5/scheduling.html]
[laravel.com/docs/5.5/database.html]
[laravel.com/docs/5.5/queries.html]
[laravel.com/docs/5.5/pagination.html]
[laravel.com/docs/5.5/migrations.html]
[laravel.com/docs/5.5/seeding.html]
[laravel.com/docs/5.5/redis.html]
[laravel.com/docs/5.5/eloquent.html]
[laravel.com/docs/5.5/eloquent-relationships.html]
[laravel.com/docs/5.5/eloquent-collections.html]
[laravel.com/docs/5.5/eloquent-mutators.html]
[laravel.com/docs/5.5/eloquent-resources.html]
[laravel.com/docs/5.5/eloquent-serialization.html]
[laravel.com/docs/5.5/testing.html]
[laravel.com/docs/5.5/http-tests.html]
[laravel.com/docs/5.5/dusk.html]
[laravel.com/docs/5.5/database-testing.html]
[laravel.com/docs/5.5/mocking.html]
[laravel.com/docs/5.5/billing.html]
[laravel.com/docs/5.5/envoy.html]
[laravel.com/docs/5.5/horizon.html]
[laravel.com/docs/5.5/scout.html]
[laravel.com/docs/5-4.html]
[laravel.com/docs/5.5/socialite.html]
[laravel.com/docs/5.4/releases.html]
[laravel.com/docs/5.4/upgrade.html]
[laravel.com/docs/5.4/contributions.html]
[laravel.com/docs/5.4/configuration.html]
[laravel.com/docs/5.4/structure.html]
[laravel.com/docs/5.4/homestead.html]
[laravel.com/docs/5.4/valet.html]
[laravel.com/docs/5.4/lifecycle.html]
[laravel.com/docs/5.4/container.html]
[laravel.com/docs/5.4/providers.html]
[laravel.com/docs/5.4/facades.html]
[laravel.com/docs/5.4/contracts.html]
[laravel.com/docs/5.4/routing.html]
[laravel.com/docs/5.4/middleware.html]
[laravel.com/docs/5.4/csrf.html]
[laravel.com/docs/5.4/controllers.html]
[laravel.com/docs/5.4/requests.html]
[laravel.com/docs/5.4/responses.html]
[laravel.com/docs/5.4/views.html]
[laravel.com/docs/5.4/session.html]
[laravel.com/docs/5.4/validation.html]
[laravel.com/docs/5.4/errors.html]
[laravel.com/docs/5.4/blade.html]
[laravel.com/docs/5.4/localization.html]
[laravel.com/docs/5.4/frontend.html]
[laravel.com/docs/5.4/mix.html]
[laravel.com/docs/5.4/authentication.html]
[laravel.com/docs/5.4/passport.html]
[laravel.com/docs/5.4/authorization.html]
[laravel.com/docs/5.4/encryption.html]
[laravel.com/docs/5.4/passwords.html]
[laravel.com/docs/5.4/hashing.html]
[laravel.com/docs/5.4/artisan.html]
[laravel.com/docs/5.4/cache.html]
[laravel.com/docs/5.4/broadcasting.html]
[laravel.com/docs/5.4/collections.html]
[laravel.com/docs/5.4/events.html]
[laravel.com/docs/5.4/filesystem.html]
[laravel.com/docs/5.4/helpers.html]
[laravel.com/docs/5.4/mail.html]
[laravel.com/docs/5.4/notifications.html]
[laravel.com/docs/5.4/packages.html]
[laravel.com/docs/5.4/queues.html]
[laravel.com/docs/5.4/scheduling.html]
[laravel.com/docs/5.4/database.html]
[laravel.com/docs/5.4/queries.html]
[laravel.com/docs/5.4/pagination.html]
[laravel.com/docs/5.4/migrations.html]
[laravel.com/docs/5.4/seeding.html]
[laravel.com/docs/5.4/redis.html]
[laravel.com/docs/5.4/eloquent.html]
[laravel.com/docs/5.4/eloquent-relationships.html]
[laravel.com/docs/5.4/eloquent-collections.html]
[laravel.com/docs/5.4/eloquent-mutators.html]
[laravel.com/docs/5.4/eloquent-serialization.html]
[laravel.com/docs/5.4/testing.html]
[laravel.com/docs/5.4/http-tests.html]
[laravel.com/docs/5.4/dusk.html]
[laravel.com/docs/5.4/database-testing.html]
[laravel.com/docs/5.4/mocking.html]
[laravel.com/docs/5.4/billing.html]
[laravel.com/docs/5.4/envoy.html]
[laravel.com/docs/5.4/scout.html]
[laravel.com/docs/5-5.html]
[laravel.com/docs/5.4/socialite.html]
[laravel.com/docs/5.3/releases.html]
[laravel.com/docs/5.3/upgrade.html]
[laravel.com/docs/5.3/contributions.html]
[laravel.com/docs/5.3/configuration.html]
[laravel.com/docs/5.3/structure.html]
[laravel.com/docs/5.3/lifecycle.html]
[laravel.com/docs/5.3/homestead.html]
[laravel.com/docs/5.3/valet.html]
[laravel.com/docs/5.3/container.html]
[laravel.com/docs/5.3/providers.html]
[laravel.com/docs/5.3/facades.html]
[laravel.com/docs/5.3/contracts.html]
[laravel.com/docs/5.3/routing.html]
[laravel.com/docs/5.3/middleware.html]
[laravel.com/docs/5.3/csrf.html]
[laravel.com/docs/5.3/controllers.html]
[laravel.com/docs/5.3/requests.html]
[laravel.com/docs/5.3/responses.html]
[laravel.com/docs/5.3/session.html]
[laravel.com/docs/5.3/validation.html]
[laravel.com/docs/5.3/views.html]
[laravel.com/docs/5.3/blade.html]
[laravel.com/docs/5.3/localization.html]
[laravel.com/docs/5.3/frontend.html]
[laravel.com/docs/5-6.html]
[laravel.com/docs/5-7.html]
[laravel.com/docs/5-8.html]
[laravel.com/docs/5-9.html]
[laravel.com/docs/4.html]
[laravel.com/docs/5.8/releases.html]
[laravel.com/docs/5.8/upgrade.html]
[laravel.com/docs/5.8/contributions.html]
[laravel.com/docs/5.8/configuration.html]
[laravel.com/docs/5.8/structure.html]
[laravel.com/docs/5.8/homestead.html]
[laravel.com/docs/5.8/valet.html]
[laravel.com/docs/5.8/deployment.html]
[laravel.com/docs/5.8/lifecycle.html]
[laravel.com/docs/5.8/container.html]
